               _/_/_/                    _/_/_/
            _/         _/_/   _/_/_/   _/         _/_/   _/_/_/
           _/       _/_/_/_/ _/    _/ _/  _/_/ _/_/_/_/ _/    _/
          _/       _/       _/    _/ _/    _/ _/       _/    _/
           _/_/_/   _/_/_/ _/_/_/    _/_/_/   _/_/_/  _/    _/
                          _/
 Copyright (c) 2014-2023  L. Forthomme <laurent.forthomme@cern.ch> (*)

 Please use https://doi.org/10.1016/j.cpc.2021.108225 for citations.

 This program is free software: you can redistribute it and/or modify
 it under the terms of the GNU General Public License as published by
 the Free Software Foundation, either version 3 of the License, or
 (at your option) any later version.

 This program is distributed in the hope that it will be useful,
 but WITHOUT ANY WARRANTY; without even the implied warranty of
 MERCHANTABILITY or FITNESS FOR A PARTICULAR PURPOSE.  See the
 GNU General Public License for more details.

 You should have received a copy of the GNU General Public License
 along with this program.  If not, see <https://www.gnu.org/licenses/>.

 (*) with contributions from:
  - J. Vermaseren, the ZEUS offline group, M. GVH, D. Bocian, O. Duenger,
    N. Schul, and others (LPAIR matrix element)
  - M. Luszczak, W. Schafer, A. Szczurek (kt-factorised matrix elements)

[32;1mInfo[0m:	CepGen 1.1.0 (e6e1add(master)) initialised with 10 add-ons:
	{CepGenAPFEL, CepGenBoost, CepGenHepMC2, CepGenHepMC3, CepGenLHAPDF, CepGenPythia8, CepGenPython, CepGenRivet, CepGenRoot, CepGenProcesses}.
	Greetings!
[32;1mInfo[0m:	Interfacing module initialised for HepMC version 3.02.06.

_/Â¯ RUN INFORMATION Â¯\_____________________________________________________________________

Process to generate:
            [;1mlpair[0m module <- [34;3mÎ³Î³ â†’ lâºlÂ¯ (LPAIR)[0m with parameters:
    [;4malphaEM[0m = [;1mfixed[0m module <- [34;3melectromagnetic coupling evolution algorithm[0m with parameters:
      [;4mvalue[0m = 0.007297 <- [34;3mConstant value for alpha(EM)[0m
    [;4malphaS[0m = [;1mpegasus[0m module <- [34;3mstrong coupling evolution algorithm[0m with parameters:
      [;4masmur[0m = 0.491280
      [;4mfr2[0m = 1.000000
      [;4miord[0m = 2 <- [34;3mEvolution order[0m
      [;4mmur[0m = 1.000000
    [;4mhasEvent[0m = true <- [34;3mdoes the process carry an event definition[0m
    [;4mkinematics[0m = [;3;4mParameters[0m collection:
      [;4menergy[0m = 0|above 0
      [;4meta[0m = -2.5, 2.5|-2.5 to 2.5
      [;4minvmass[0m = 60|above 60
      [;4mmode[0m = 3
      [;4mmx[0m = 1.07, 1000|1.07 to 1000
      [;4mpt[0m = 20|above 20
      [;4mpz[0m = 6500, 6500|6500 to 6500
      [;4mstructureFunctions[0m = [;1m11[0m module with parameters:
        [;4msigmaRatio[0m = 4
    [;4mmode[0m = 3
    [;4mnopt[0m = 0 <- [34;3mOptimised mode? (inherited from LPAIR, by default disabled = 0)[0m
    [;4mpair[0m = Parameters(pdgid=int(13)) <- [34;3mLepton pair considered[0m
    [;4msymmetrise[0m = false <- [34;3mSymmetrise along z the central system?[0m

Output modules
	*) [;1mhepmc[0m module <- [34;3mHepMC3 ASCII file output module[0m with parameters:
    [;4mfilename[0m = "test.hepmc" <- [34;3mOutput filename[0m
	*) [;1mdump[0m module <- [34;3mSimple text-based event dumper[0m with parameters:
    [;4mfilename[0m = "" <- [34;3mOutput filename[0m
    [;4mprintEvery[0m = 10000 <- [34;3mPeriod at which events are dumped[0m
    [;4msaveBanner[0m = true <- [34;3mSave boilerplate in output file?[0m

[;1m Integration/generation parameters [0m----------------------------------------------------

Integration                      [;1mVegas[0m
Event generation?                [32mtrue[0m
Number of events to generate     [;1m100000[0m
Generator worker                 Module("grid_optimised")
Number of threads                2
Number of points to try per bin  100
Verbosity level                  Infos

_/Â¯ EVENTS KINEMATICS Â¯\___________________________________________________________________

Incoming particles               p (6500 GeV/c) inelastic,
                                 p (-6500 GeV/c) elastic
C.m. energy (GeV)                13000
Form factors                     Module("StandardDipole", pdgId=ulong(2212), scale=float(0.710000))
Structure functions              Module(11, sigmaRatio=int(4))

[;1m Incoming partons [0m---------------------------------------------------------------------

Virtuality (GeV^2)               0 to 100000

[;1m Outgoing central system [0m--------------------------------------------------------------

Single particle pt (GeV/c)       above 20
System mass (GeV/c^2)            above 60
Single particle eta              -2.5 to 2.5
Single particle energy (GeV)     above 0

[;1m Proton / remnants [0m--------------------------------------------------------------------

Diffractive mass (GeV/c^2)       1.07 to 1000

__________________________________________________________________________________________

[32;1mInfo[0m:	Starting the computation of the process cross-section.
[32;1mInfo[0m:	Generator will use a Vegas-type integrator.
[32;1mInfo[0m:	PEGASUS alpha(S) evolution algorithm initialised with parameters:
	order: 2, fr2: 1, mur: 1, asmur: 0.49128
	quark masses (GeV): charm: 1.27, bottom: 4.18, top: 172.5.
[32;1mInfo[0m:	Finished the Vegas warm-up.
	>> at call 1: average =   0.159891   sigma =   0.000818   chi2 = 1.572.
	>> at call 2: average =   0.160421   sigma =   0.000776   chi2 = 1.011.
[32;1mInfo[0m:	Total cross section: 0.160421 +/- 0.000776128 pb.
#******* Sample generated with CepGen 1.1.0 *******
# Process: lpair (inelastic/elastic)
# Structure functions: Module(11, sigmaRatio=int(4))
#*** Incoming state *******************************
# Virtuality (GeV^2): 0 to 100000
#*** Central system *******************************
# Single particle pt (GeV/c): above 20
# System mass (GeV/c^2): above 60
# Single particle eta: -2.5 to 2.5
# Single particle energy (GeV): above 0
#*** Remnants states ******************************
# Diffractive mass (GeV/c^2): 1.07 to 1000
#**************************************************
[32;1mInfo[0m:	Preparing the grid (100 points/bin) for the generation of unweighted events.
[32;1mInfo[0m:	Finished the grid preparation. Now launching the unweighted event production.
[32;1mInfo[0m:	100000 events will be generated.
Event content:
 Id	PDG id	   Name		Charge	Role	 Status	Mother	px            py            pz            E      	 M         
 --	------	   ----		------	----	 ------	------	----GeV/c---  ----GeV/c---  ----GeV/c---  ----GeV/c---	 --GeV/cÂ²--
  0	+2212      p      	1	i.beam 1     -9	        0.000000e+00  0.000000e+00  6.500000e+03  6.500000e+03      0.93827
  1	+2212      p      	1	i.beam 2     -9	        0.000000e+00  0.000000e+00 -6.500000e+03  6.500000e+03      0.93827
  2	+22        gamma  	0	parton 1     -1	     0  1.281412e+01 -4.692260e+00  1.996454e+01  1.992101e+01     13.70967
  3	+22        gamma  	0	parton 2     -1	     1  3.401465e-02  1.345949e-01 -1.047422e+02  1.047422e+02      0.14079
  4		   gamma/gamma	0	hard pr.     -2	   2+3  1.284813e+01 -4.557665e+00 -8.477762e+01  1.246632e+02     90.37597
  5	+2212      p      	1	o.beam 1      3	     0 -1.281412e+01  4.692260e+00  6.480035e+03  6.480079e+03     19.46245
  6	+2212      p      	1	o.beam 2      1	     1 -3.401465e-02 -1.345949e-01 -6.395258e+03  6.395258e+03      0.93827
  7	+13        mu     	1	central       1	     4 -1.139661e+01 -1.792495e+01  1.172851e+01  2.426429e+01      0.10566
  8	-13        mu     	-1	central       1	     4  2.424474e+01  1.336728e+01 -9.650613e+01  1.003989e+02      0.10566
 ----------------------------------------------------------------------------------------------------------------------------------
							Balance 0.000000e+00  0.000000e+00  0.000000e+00  1.300000e+04
[32;1mInfo[0m:	10000 events generated.
Event content:
 Id	PDG id	   Name		Charge	Role	 Status	Mother	px            py            pz            E      	 M         
 --	------	   ----		------	----	 ------	------	----GeV/c---  ----GeV/c---  ----GeV/c---  ----GeV/c---	 --GeV/cÂ²--
  0	+2212      p      	1	i.beam 1     -9	        0.000000e+00  0.000000e+00  6.500000e+03  6.500000e+03      0.93827
  1	+2212      p      	1	i.beam 2     -9	        0.000000e+00  0.000000e+00 -6.500000e+03  6.500000e+03      0.93827
  2	+22        gamma  	0	parton 1     -1	     0 -4.643174e-01 -1.317644e+00  1.923779e+02  1.923773e+02      1.48633
  3	+22        gamma  	0	parton 2     -1	     1 -5.273997e-02  1.171674e-02 -2.615479e+01  2.615479e+01      0.05427
  4		   gamma/gamma	0	hard pr.     -2	   2+3 -5.170574e-01 -1.305927e+00  1.662231e+02  2.185321e+02    141.85964
  5	+2212      p      	1	o.beam 1      3	     0  4.643174e-01  1.317644e+00  6.307622e+03  6.307623e+03      2.70957
  6	+2212      p      	1	o.beam 2      1	     1  5.273997e-02 -1.171674e-02 -6.473845e+03  6.473845e+03      0.93827
  7	+13        mu     	1	central       1	     4 -4.360726e+00  4.060321e+01  1.713379e+02  1.761372e+02      0.10566
  8	-13        mu     	-1	central       1	     4  3.843669e+00 -4.190914e+01 -5.114760e+00  4.239483e+01      0.10566
 ----------------------------------------------------------------------------------------------------------------------------------
							Balance 0.000000e+00  0.000000e+00  0.000000e+00  1.300000e+04
[32;1mInfo[0m:	20000 events generated.
Event content:
 Id	PDG id	   Name		Charge	Role	 Status	Mother	px            py            pz            E      	 M         
 --	------	   ----		------	----	 ------	------	----GeV/c---  ----GeV/c---  ----GeV/c---  ----GeV/c---	 --GeV/cÂ²--
  0	+2212      p      	1	i.beam 1     -9	        0.000000e+00  0.000000e+00  6.500000e+03  6.500000e+03      0.93827
  1	+2212      p      	1	i.beam 2     -9	        0.000000e+00  0.000000e+00 -6.500000e+03  6.500000e+03      0.93827
  2	+22        gamma  	0	parton 1     -1	     0 -6.794758e+00 -9.844971e+00  9.633648e+00  9.201619e+00     12.29754
  3	+22        gamma  	0	parton 2     -1	     1 -1.383647e-01 -2.361836e-01 -1.446358e+02  1.446358e+02      0.27763
  4		   gamma/gamma	0	hard pr.     -2	   2+3 -6.933122e+00 -1.008115e+01 -1.350022e+02  1.538375e+02     72.73701
  5	+2212      p      	1	o.beam 1      3	     0  6.794758e+00  9.844971e+00  6.490366e+03  6.490798e+03     73.93262
  6	+2212      p      	1	o.beam 2      1	     1  1.383647e-01  2.361836e-01 -6.355364e+03  6.355364e+03      0.93827
  7	-13        mu     	-1	central       1	     4 -6.600309e+00  3.072400e+01 -4.364895e+01  5.378448e+01      0.10566
  8	+13        mu     	1	central       1	     4 -3.328135e-01 -4.080515e+01 -9.135325e+01  1.000530e+02      0.10566
 ----------------------------------------------------------------------------------------------------------------------------------
							Balance 0.000000e+00  0.000000e+00  0.000000e+00  1.300000e+04
[32;1mInfo[0m:	30000 events generated.
Event content:
 Id	PDG id	   Name		Charge	Role	 Status	Mother	px            py            pz            E      	 M         
 --	------	   ----		------	----	 ------	------	----GeV/c---  ----GeV/c---  ----GeV/c---  ----GeV/c---	 --GeV/cÂ²--
  0	+2212      p      	1	i.beam 1     -9	        0.000000e+00  0.000000e+00  6.500000e+03  6.500000e+03      0.93827
  1	+2212      p      	1	i.beam 2     -9	        0.000000e+00  0.000000e+00 -6.500000e+03  6.500000e+03      0.93827
  2	+22        gamma  	0	parton 1     -1	     0  3.676114e+00 -6.855593e+01  6.835463e+01  6.677015e+01     70.19638
  3	+22        gamma  	0	parton 2     -1	     1 -1.145457e-02  4.399663e-02 -4.672905e+01  4.672905e+01      0.04613
  4		   gamma/gamma	0	hard pr.     -2	   2+3  3.664659e+00 -6.851193e+01  2.162559e+01  1.134992e+02     87.79002
  5	+2212      p      	1	o.beam 1      3	     0 -3.676114e+00  6.855593e+01  6.431645e+03  6.433230e+03    125.18622
  6	+2212      p      	1	o.beam 2      1	     1  1.145457e-02 -4.399663e-02 -6.453271e+03  6.453271e+03      0.93827
  7	+13        mu     	1	central       1	     4  3.381946e+01  2.858722e+00  6.643997e+00  3.458442e+01      0.10566
  8	-13        mu     	-1	central       1	     4 -3.015480e+01 -7.137065e+01  1.498159e+01  7.891478e+01      0.10566
 ----------------------------------------------------------------------------------------------------------------------------------
							Balance 0.000000e+00  0.000000e+00  0.000000e+00  1.300000e+04
[32;1mInfo[0m:	40000 events generated.
Event content:
 Id	PDG id	   Name		Charge	Role	 Status	Mother	px            py            pz            E      	 M         
 --	------	   ----		------	----	 ------	------	----GeV/c---  ----GeV/c---  ----GeV/c---  ----GeV/c---	 --GeV/cÂ²--
  0	+2212      p      	1	i.beam 1     -9	        0.000000e+00  0.000000e+00  6.500000e+03  6.500000e+03      0.93827
  1	+2212      p      	1	i.beam 2     -9	        0.000000e+00  0.000000e+00 -6.500000e+03  6.500000e+03      0.93827
  2	+22        gamma  	0	parton 1     -1	     0  1.385578e-01 -3.112648e-01  3.765774e+01  3.765761e+01      0.35435
  3	+22        gamma  	0	parton 2     -1	     1  3.760319e-02 -3.541734e-01 -2.568493e+01  2.568492e+01      0.35689
  4		   gamma/gamma	0	hard pr.     -2	   2+3  1.761609e-01 -6.654382e-01  1.197280e+01  6.334253e+01     62.19690
  5	+2212      p      	1	o.beam 1      3	     0 -1.385578e-01  3.112648e-01  6.462342e+03  6.462342e+03      1.54459
  6	+2212      p      	1	o.beam 2      1	     1 -3.760319e-02  3.541734e-01 -6.474315e+03  6.474315e+03      0.93827
  7	-13        mu     	-1	central       1	     4 -1.653207e+01 -2.146140e+01 -9.902153e+00  2.884380e+01      0.10566
  8	+13        mu     	1	central       1	     4  1.670823e+01  2.079597e+01  2.187496e+01  3.449873e+01      0.10566
 ----------------------------------------------------------------------------------------------------------------------------------
							Balance 0.000000e+00  0.000000e+00  0.000000e+00  1.300000e+04
[32;1mInfo[0m:	50000 events generated.
Event content:
 Id	PDG id	   Name		Charge	Role	 Status	Mother	px            py            pz            E      	 M         
 --	------	   ----		------	----	 ------	------	----GeV/c---  ----GeV/c---  ----GeV/c---  ----GeV/c---	 --GeV/cÂ²--
  0	+2212      p      	1	i.beam 1     -9	        0.000000e+00  0.000000e+00  6.500000e+03  6.500000e+03      0.93827
  1	+2212      p      	1	i.beam 2     -9	        0.000000e+00  0.000000e+00 -6.500000e+03  6.500000e+03      0.93827
  2	+22        gamma  	0	parton 1     -1	     0 -3.239779e+00 -9.304107e-01  2.559202e+02  2.559139e+02      3.81606
  3	+22        gamma  	0	parton 2     -1	     1 -1.334138e-01 -2.805928e-03 -2.515004e+02  2.515004e+02      0.14105
  4		   gamma/gamma	0	hard pr.     -2	   2+3 -3.373193e+00 -9.332166e-01  4.419844e+00  5.074143e+02    507.38298
  5	+2212      p      	1	o.beam 1      3	     0  3.239779e+00  9.304107e-01  6.244080e+03  6.244086e+03      8.22022
  6	+2212      p      	1	o.beam 2      1	     1  1.334138e-01  2.805928e-03 -6.248500e+03  6.248500e+03      0.93827
  7	+13        mu     	1	central       1	     4 -9.287359e+01  2.089998e+00  2.389479e+02  2.563708e+02      0.10566
  8	-13        mu     	-1	central       1	     4  8.950040e+01 -3.023215e+00 -2.345280e+02  2.510435e+02      0.10566
 ----------------------------------------------------------------------------------------------------------------------------------
							Balance 0.000000e+00  0.000000e+00  0.000000e+00  1.300000e+04
[32;1mInfo[0m:	60000 events generated.
Event content:
 Id	PDG id	   Name		Charge	Role	 Status	Mother	px            py            pz            E      	 M         
 --	------	   ----		------	----	 ------	------	----GeV/c---  ----GeV/c---  ----GeV/c---  ----GeV/c---	 --GeV/cÂ²--
  0	+2212      p      	1	i.beam 1     -9	        0.000000e+00  0.000000e+00  6.500000e+03  6.500000e+03      0.93827
  1	+2212      p      	1	i.beam 2     -9	        0.000000e+00  0.000000e+00 -6.500000e+03  6.500000e+03      0.93827
  2	+22        gamma  	0	parton 1     -1	     0  6.111869e-01 -1.154557e+01  4.026599e+01  4.021497e+01     11.73799
  3	+22        gamma  	0	parton 2     -1	     1 -2.001125e-02 -1.512561e-02 -7.583159e+01  7.583159e+01      0.02753
  4		   gamma/gamma	0	hard pr.     -2	   2+3  5.911756e-01 -1.156070e+01 -3.556559e+01  1.160466e+02    109.85396
  5	+2212      p      	1	o.beam 1      3	     0 -6.111869e-01  1.154557e+01  6.459734e+03  6.459785e+03     22.94436
  6	+2212      p      	1	o.beam 2      1	     1  2.001125e-02  1.512561e-02 -6.424168e+03  6.424168e+03      0.93827
  7	+13        mu     	1	central       1	     4  9.996579e+00  3.181852e+01  2.448290e+01  4.137359e+01      0.10566
  8	-13        mu     	-1	central       1	     4 -9.405404e+00 -4.337922e+01 -6.004850e+01  7.467297e+01      0.10566
 ----------------------------------------------------------------------------------------------------------------------------------
							Balance 0.000000e+00  0.000000e+00  0.000000e+00  1.300000e+04
[32;1mInfo[0m:	70000 events generated.
Event content:
 Id	PDG id	   Name		Charge	Role	 Status	Mother	px            py            pz            E      	 M         
 --	------	   ----		------	----	 ------	------	----GeV/c---  ----GeV/c---  ----GeV/c---  ----GeV/c---	 --GeV/cÂ²--
  0	+2212      p      	1	i.beam 1     -9	        0.000000e+00  0.000000e+00  6.500000e+03  6.500000e+03      0.93827
  1	+2212      p      	1	i.beam 2     -9	        0.000000e+00  0.000000e+00 -6.500000e+03  6.500000e+03      0.93827
  2	+22        gamma  	0	parton 1     -1	     0 -4.038298e-01  1.463650e+00  1.501609e+02  1.501577e+02      1.80302
  3	+22        gamma  	0	parton 2     -1	     1  1.176933e-01 -7.832822e-02 -8.902984e+00  8.902983e+00      0.14148
  4		   gamma/gamma	0	hard pr.     -2	   2+3 -2.861365e-01  1.385322e+00  1.412579e+02  1.590607e+02     73.10620
  5	+2212      p      	1	o.beam 1      3	     0  4.038298e-01 -1.463650e+00  6.349839e+03  6.349842e+03      6.20797
  6	+2212      p      	1	o.beam 2      1	     1 -1.176933e-01  7.832822e-02 -6.491097e+03  6.491097e+03      0.93827
  7	-13        mu     	-1	central       1	     4  1.437061e+01  2.145068e+01  1.394362e+01  2.934420e+01      0.10566
  8	+13        mu     	1	central       1	     4 -1.465674e+01 -2.006536e+01  1.273143e+02  1.297165e+02      0.10566
 ----------------------------------------------------------------------------------------------------------------------------------
							Balance 0.000000e+00  0.000000e+00  0.000000e+00  1.300000e+04
[32;1mInfo[0m:	80000 events generated.
Event content:
 Id	PDG id	   Name		Charge	Role	 Status	Mother	px            py            pz            E      	 M         
 --	------	   ----		------	----	 ------	------	----GeV/c---  ----GeV/c---  ----GeV/c---  ----GeV/c---	 --GeV/cÂ²--
  0	+2212      p      	1	i.beam 1     -9	        0.000000e+00  0.000000e+00  6.500000e+03  6.500000e+03      0.93827
  1	+2212      p      	1	i.beam 2     -9	        0.000000e+00  0.000000e+00 -6.500000e+03  6.500000e+03      0.93827
  2	+22        gamma  	0	parton 1     -1	     0  4.402567e-01 -1.431031e+01  1.209438e+01  7.006316e+00     17.38288
  3	+22        gamma  	0	parton 2     -1	     1 -2.171383e-02  2.822259e-02 -1.128385e+02  1.128385e+02      0.03950
  4		   gamma/gamma	0	hard pr.     -2	   2+3  4.185428e-01 -1.428209e+01 -1.007441e+02  1.198448e+02     63.31861
  5	+2212      p      	1	o.beam 1      3	     0 -4.402567e-01  1.431031e+01  6.487906e+03  6.492994e+03    256.59996
  6	+2212      p      	1	o.beam 2      1	     1  2.171383e-02 -2.822259e-02 -6.387162e+03  6.387162e+03      0.93827
  7	-13        mu     	-1	central       1	     4  2.057929e+01  1.689915e+01 -3.128270e+01  4.108171e+01      0.10566
  8	+13        mu     	1	central       1	     4 -2.016075e+01 -3.118124e+01 -6.946138e+01  7.876306e+01      0.10566
 ----------------------------------------------------------------------------------------------------------------------------------
							Balance 0.000000e+00  0.000000e+00  0.000000e+00  1.300000e+04
[32;1mInfo[0m:	90000 events generated.
Event content:
 Id	PDG id	   Name		Charge	Role	 Status	Mother	px            py            pz            E      	 M         
 --	------	   ----		------	----	 ------	------	----GeV/c---  ----GeV/c---  ----GeV/c---  ----GeV/c---	 --GeV/cÂ²--
  0	+2212      p      	1	i.beam 1     -9	        0.000000e+00  0.000000e+00  6.500000e+03  6.500000e+03      0.93827
  1	+2212      p      	1	i.beam 2     -9	        0.000000e+00  0.000000e+00 -6.500000e+03  6.500000e+03      0.93827
  2	+22        gamma  	0	parton 1     -1	     0  9.635981e+00  1.261513e+01  5.455099e+01  5.440290e+01     16.37463
  3	+22        gamma  	0	parton 2     -1	     1  5.721033e-02  2.582243e-02 -1.628599e+02  1.628599e+02      0.06788
  4		   gamma/gamma	0	hard pr.     -2	   2+3  9.693192e+00  1.264096e+01 -1.083089e+02  2.172628e+02    187.66607
  5	+2212      p      	1	o.beam 1      3	     0 -9.635981e+00 -1.261513e+01  6.445449e+03  6.445597e+03     40.71715
  6	+2212      p      	1	o.beam 2      1	     1 -5.721033e-02 -2.582243e-02 -6.337140e+03  6.337140e+03      0.93827
  7	+13        mu     	1	central       1	     4 -7.179897e+01 -4.876403e+00 -1.127856e+02  1.337890e+02      0.10566
  8	-13        mu     	-1	central       1	     4  8.149217e+01  1.751736e+01  4.476731e+00  8.347385e+01      0.10566
 ----------------------------------------------------------------------------------------------------------------------------------
							Balance 0.000000e+00  0.000000e+00  0.000000e+00  1.300000e+04
[32;1mInfo[0m:	100000 events generated.
[32;1mInfo[0m:	100000 events generated in 531.091 s (5.31091 ms/event).
	Equivalent luminosity: 623361 pb^-1.
