               _/_/_/                    _/_/_/
            _/         _/_/   _/_/_/   _/         _/_/   _/_/_/
           _/       _/_/_/_/ _/    _/ _/  _/_/ _/_/_/_/ _/    _/
          _/       _/       _/    _/ _/    _/ _/       _/    _/
           _/_/_/   _/_/_/ _/_/_/    _/_/_/   _/_/_/  _/    _/
                          _/
 Copyright (c) 2014-2023  L. Forthomme <laurent.forthomme@cern.ch> (*)

 Please use https://doi.org/10.1016/j.cpc.2021.108225 for citations.

 This program is free software: you can redistribute it and/or modify
 it under the terms of the GNU General Public License as published by
 the Free Software Foundation, either version 3 of the License, or
 (at your option) any later version.

 This program is distributed in the hope that it will be useful,
 but WITHOUT ANY WARRANTY; without even the implied warranty of
 MERCHANTABILITY or FITNESS FOR A PARTICULAR PURPOSE.  See the
 GNU General Public License for more details.

 You should have received a copy of the GNU General Public License
 along with this program.  If not, see <https://www.gnu.org/licenses/>.

 (*) with contributions from:
  - J. Vermaseren, the ZEUS offline group, M. GVH, D. Bocian, O. Duenger,
    N. Schul, and others (LPAIR matrix element)
  - M. Luszczak, W. Schafer, A. Szczurek (kt-factorised matrix elements)

[32;1mInfo[0m:	CepGen 1.1.0 (e6e1add(master)) initialised with 10 add-ons:
	{CepGenAPFEL, CepGenBoost, CepGenHepMC2, CepGenHepMC3, CepGenLHAPDF, CepGenPythia8, CepGenPython, CepGenRivet, CepGenRoot, CepGenProcesses}.
	Greetings!
[32;1mInfo[0m:	Nachtmann amplitudes (model: Standard model) initialised.
[32;1mInfo[0m:	Interfacing module initialised for HepMC version 3.02.06.

_/Â¯ RUN INFORMATION Â¯\_____________________________________________________________________

Process to generate:
            [;1mpptoww[0m module <- [34;3mÎ³Î³ â†’ WâºWÂ¯[0m with parameters:
    [;4malphaEM[0m = [;1mfixed[0m module <- [34;3melectromagnetic coupling evolution algorithm[0m with parameters:
      [;4mvalue[0m = 0.007297 <- [34;3mConstant value for alpha(EM)[0m
    [;4malphaS[0m = [;1mpegasus[0m module <- [34;3mstrong coupling evolution algorithm[0m with parameters:
      [;4masmur[0m = 0.491280
      [;4mfr2[0m = 1.000000
      [;4miord[0m = 2 <- [34;3mEvolution order[0m
      [;4mmur[0m = 1.000000
    [;4meftParameters[0m = [;3;4mParameters[0m collection:
      [;4mmH[0m = 0.000000 <- [34;3mHiggs mass (in GeV/c2)[0m
      [;4ms1[0m = 0.000000
    [;4mhasEvent[0m = true <- [34;3mdoes the process carry an event definition[0m
    [;4mkinematics[0m = [;3;4mParameters[0m collection:
      [;4menergy[0m = 0|above 0
      [;4meta[0m = -2.5, 2.5|-2.5 to 2.5
      [;4mmode[0m = 3
      [;4mmx[0m = 1.07, 1000|1.07 to 1000
      [;4mpt[0m = 20|above 20
      [;4mpz[0m = 6500, 6500|6500 to 6500
      [;4mstructureFunctions[0m = [;1m11[0m module with parameters:
        [;4msigmaRatio[0m = 4
    [;4mktFactorised[0m = true
    [;4mmethod[0m = 1 <- [34;3mMatrix element computation method (0 = on-shell, 1 = off-shell by Nachtmann et al.)[0m
    [;4mmode[0m = 3
    [;4mmodel[0m = 0 <- [34;3mSM/anomalous model to consider[0m
    [;4mpair[0m = [;3;4mParameters[0m collection:
      [;4mpdgid[0m = 13
    [;4mpolarisationStates[0m = [;3;4mParameters[0m collection:
      [;4mW1[0m = -1, 0, 1 <- [34;3mFirst W+- polarisation states[0m
      [;4mW2[0m = -1, 0, 1 <- [34;3mSecond W+- polarisation states[0m

Output modules
	*) [;1mhepmc[0m module <- [34;3mHepMC3 ASCII file output module[0m with parameters:
    [;4mfilename[0m = "test.hepmc" <- [34;3mOutput filename[0m
	*) [;1mdump[0m module <- [34;3mSimple text-based event dumper[0m with parameters:
    [;4mfilename[0m = "" <- [34;3mOutput filename[0m
    [;4mprintEvery[0m = 10000 <- [34;3mPeriod at which events are dumped[0m
    [;4msaveBanner[0m = true <- [34;3mSave boilerplate in output file?[0m

[;1m Integration/generation parameters [0m----------------------------------------------------

Integration                      [;1mVegas[0m
Event generation?                [32mtrue[0m
Number of events to generate     [;1m100000[0m
Generator worker                 Module("grid_optimised")
Number of threads                2
Number of points to try per bin  100
Verbosity level                  Infos

_/Â¯ EVENTS KINEMATICS Â¯\___________________________________________________________________

Incoming particles               p (6500 GeV/c) inelastic,
                                 p (-6500 GeV/c) elastic
C.m. energy (GeV)                13000
Form factors                     Module("StandardDipole", pdgId=ulong(2212), scale=float(0.710000))
Structure functions              Module(11, sigmaRatio=int(4))

[;1m Incoming partons [0m---------------------------------------------------------------------

Virtuality (GeV^2)               0 to 100000

[;1m Outgoing central system [0m--------------------------------------------------------------

Single particle pt (GeV/c)       above 20
Single particle eta              -2.5 to 2.5
Single particle energy (GeV)     above 0

[;1m Proton / remnants [0m--------------------------------------------------------------------

Diffractive mass (GeV/c^2)       1.07 to 1000

__________________________________________________________________________________________

[32;1mInfo[0m:	Starting the computation of the process cross-section.
[32;1mInfo[0m:	Generator will use a Vegas-type integrator.
[32;1mInfo[0m:	PEGASUS alpha(S) evolution algorithm initialised with parameters:
	order: 2, fr2: 1, mur: 1, asmur: 0.49128
	quark masses (GeV): charm: 1.27, bottom: 4.18, top: 172.5.
[34;1mWarning[0m [;2;4mcepgen::GridHandler<D, N>::values_t cepgen::GridHandler<D, N>::eval(cepgen::GridHandler<D, N>::coord_t) const [with long unsigned int D = 2; long unsigned int N = 2; cepgen::GridHandler<D, N>::values_t = std::array<double, 2>; cepgen::GridHandler<D, N>::coord_t = std::vector<double>][0m: Failed to evaluate the value (N=0) for x = -4.71283e-08 / y = 10.4601 in grid with boundaries {-9 to 0, 0 to 10}. GSL error: input domain error
[34;1mWarning[0m [;2;4mcepgen::GridHandler<D, N>::values_t cepgen::GridHandler<D, N>::eval(cepgen::GridHandler<D, N>::coord_t) const [with long unsigned int D = 2; long unsigned int N = 2; cepgen::GridHandler<D, N>::values_t = std::array<double, 2>; cepgen::GridHandler<D, N>::coord_t = std::vector<double>][0m: Failed to evaluate the value (N=1) for x = -4.71283e-08 / y = 10.4601 in grid with boundaries {-9 to 0, 0 to 10}. GSL error: input domain error
[32;1mInfo[0m:	Finished the Vegas warm-up.
	>> at call 1: average =   0.070740   sigma =   0.000598   chi2 = 0.383.
[34;1mWarning[0m [;2;4mcepgen::GridHandler<D, N>::values_t cepgen::GridHandler<D, N>::eval(cepgen::GridHandler<D, N>::coord_t) const [with long unsigned int D = 2; long unsigned int N = 2; cepgen::GridHandler<D, N>::values_t = std::array<double, 2>; cepgen::GridHandler<D, N>::coord_t = std::vector<double>][0m: Failed to evaluate the value (N=0) for x = -1.67167e-09 / y = 10.6743 in grid with boundaries {-9 to 0, 0 to 10}. GSL error: input domain error
[34;1mWarning[0m [;2;4mcepgen::GridHandler<D, N>::values_t cepgen::GridHandler<D, N>::eval(cepgen::GridHandler<D, N>::coord_t) const [with long unsigned int D = 2; long unsigned int N = 2; cepgen::GridHandler<D, N>::values_t = std::array<double, 2>; cepgen::GridHandler<D, N>::coord_t = std::vector<double>][0m: Failed to evaluate the value (N=1) for x = -1.67167e-09 / y = 10.6743 in grid with boundaries {-9 to 0, 0 to 10}. GSL error: input domain error
	>> at call 2: average =   0.070419   sigma =   0.000562   chi2 = 0.958.
[32;1mInfo[0m:	Total cross section: 0.070419 +/- 0.000562092 pb.
#******* Sample generated with CepGen 1.1.0 *******
# Process: pptoww (inelastic/elastic)
# Structure functions: Module(11, sigmaRatio=int(4))
#*** Incoming state *******************************
# Virtuality (GeV^2): 0 to 100000
#*** Central system *******************************
# Single particle pt (GeV/c): above 20
# Single particle eta: -2.5 to 2.5
# Single particle energy (GeV): above 0
#*** Remnants states ******************************
# Diffractive mass (GeV/c^2): 1.07 to 1000
#**************************************************
[32;1mInfo[0m:	Preparing the grid (100 points/bin) for the generation of unweighted events.
[34;1mWarning[0m [;2;4mvirtual double cepgen::proc::Process2to4::computeFactorisedMatrixElement()[0m: Invalid Y system squared mass: 0.886719/0.880355.
[34;1mWarning[0m [;2;4mcepgen::GridHandler<D, N>::values_t cepgen::GridHandler<D, N>::eval(cepgen::GridHandler<D, N>::coord_t) const [with long unsigned int D = 2; long unsigned int N = 2; cepgen::GridHandler<D, N>::values_t = std::array<double, 2>; cepgen::GridHandler<D, N>::coord_t = std::vector<double>][0m: Failed to evaluate the value (N=0) for x = -5.00994e-11 / y = 10.6224 in grid with boundaries {-9 to 0, 0 to 10}. GSL error: input domain error
[34;1mWarning[0m [;2;4mcepgen::GridHandler<D, N>::values_t cepgen::GridHandler<D, N>::eval(cepgen::GridHandler<D, N>::coord_t) const [with long unsigned int D = 2; long unsigned int N = 2; cepgen::GridHandler<D, N>::values_t = std::array<double, 2>; cepgen::GridHandler<D, N>::coord_t = std::vector<double>][0m: Failed to evaluate the value (N=1) for x = -5.00994e-11 / y = 10.6224 in grid with boundaries {-9 to 0, 0 to 10}. GSL error: input domain error
[34;1mWarning[0m [;2;4mcepgen::GridHandler<D, N>::values_t cepgen::GridHandler<D, N>::eval(cepgen::GridHandler<D, N>::coord_t) const [with long unsigned int D = 2; long unsigned int N = 2; cepgen::GridHandler<D, N>::values_t = std::array<double, 2>; cepgen::GridHandler<D, N>::coord_t = std::vector<double>][0m: Failed to evaluate the value (N=0) for x = -3.44208e-10 / y = 10.0022 in grid with boundaries {-9 to 0, 0 to 10}. GSL error: input domain error
[34;1mWarning[0m [;2;4mcepgen::GridHandler<D, N>::values_t cepgen::GridHandler<D, N>::eval(cepgen::GridHandler<D, N>::coord_t) const [with long unsigned int D = 2; long unsigned int N = 2; cepgen::GridHandler<D, N>::values_t = std::array<double, 2>; cepgen::GridHandler<D, N>::coord_t = std::vector<double>][0m: Failed to evaluate the value (N=1) for x = -3.44208e-10 / y = 10.0022 in grid with boundaries {-9 to 0, 0 to 10}. GSL error: input domain error
[34;1mWarning[0m [;2;4mcepgen::GridHandler<D, N>::values_t cepgen::GridHandler<D, N>::eval(cepgen::GridHandler<D, N>::coord_t) const [with long unsigned int D = 2; long unsigned int N = 2; cepgen::GridHandler<D, N>::values_t = std::array<double, 2>; cepgen::GridHandler<D, N>::coord_t = std::vector<double>][0m: Failed to evaluate the value (N=0) for x = -6.45872e-10 / y = 10.2335 in grid with boundaries {-9 to 0, 0 to 10}. GSL error: input domain error
[34;1mWarning[0m [;2;4mcepgen::GridHandler<D, N>::values_t cepgen::GridHandler<D, N>::eval(cepgen::GridHandler<D, N>::coord_t) const [with long unsigned int D = 2; long unsigned int N = 2; cepgen::GridHandler<D, N>::values_t = std::array<double, 2>; cepgen::GridHandler<D, N>::coord_t = std::vector<double>][0m: Failed to evaluate the value (N=1) for x = -6.45872e-10 / y = 10.2335 in grid with boundaries {-9 to 0, 0 to 10}. GSL error: input domain error
[34;1mWarning[0m [;2;4mvirtual double cepgen::proc::Process2to4::computeFactorisedMatrixElement()[0m: Invalid X system squared mass: 27.5/28.0078.
[34;1mWarning[0m [;2;4mcepgen::GridHandler<D, N>::values_t cepgen::GridHandler<D, N>::eval(cepgen::GridHandler<D, N>::coord_t) const [with long unsigned int D = 2; long unsigned int N = 2; cepgen::GridHandler<D, N>::values_t = std::array<double, 2>; cepgen::GridHandler<D, N>::coord_t = std::vector<double>][0m: Failed to evaluate the value (N=0) for x = -6.47905e-10 / y = 10.1134 in grid with boundaries {-9 to 0, 0 to 10}. GSL error: input domain error
[34;1mWarning[0m [;2;4mcepgen::GridHandler<D, N>::values_t cepgen::GridHandler<D, N>::eval(cepgen::GridHandler<D, N>::coord_t) const [with long unsigned int D = 2; long unsigned int N = 2; cepgen::GridHandler<D, N>::values_t = std::array<double, 2>; cepgen::GridHandler<D, N>::coord_t = std::vector<double>][0m: Failed to evaluate the value (N=1) for x = -6.47905e-10 / y = 10.1134 in grid with boundaries {-9 to 0, 0 to 10}. GSL error: input domain error
[34;1mWarning[0m [;2;4mcepgen::GridHandler<D, N>::values_t cepgen::GridHandler<D, N>::eval(cepgen::GridHandler<D, N>::coord_t) const [with long unsigned int D = 2; long unsigned int N = 2; cepgen::GridHandler<D, N>::values_t = std::array<double, 2>; cepgen::GridHandler<D, N>::coord_t = std::vector<double>][0m: Failed to evaluate the value (N=0) for x = -2.0578e-10 / y = 10.2722 in grid with boundaries {-9 to 0, 0 to 10}. GSL error: input domain error
[34;1mWarning[0m [;2;4mcepgen::GridHandler<D, N>::values_t cepgen::GridHandler<D, N>::eval(cepgen::GridHandler<D, N>::coord_t) const [with long unsigned int D = 2; long unsigned int N = 2; cepgen::GridHandler<D, N>::values_t = std::array<double, 2>; cepgen::GridHandler<D, N>::coord_t = std::vector<double>][0m: Failed to evaluate the value (N=1) for x = -2.0578e-10 / y = 10.2722 in grid with boundaries {-9 to 0, 0 to 10}. GSL error: input domain error
[34;1mWarning[0m [;2;4mcepgen::GridHandler<D, N>::values_t cepgen::GridHandler<D, N>::eval(cepgen::GridHandler<D, N>::coord_t) const [with long unsigned int D = 2; long unsigned int N = 2; cepgen::GridHandler<D, N>::values_t = std::array<double, 2>; cepgen::GridHandler<D, N>::coord_t = std::vector<double>][0m: Failed to evaluate the value (N=0) for x = -1.2777e-08 / y = 11.1193 in grid with boundaries {-9 to 0, 0 to 10}. GSL error: input domain error
[34;1mWarning[0m [;2;4mcepgen::GridHandler<D, N>::values_t cepgen::GridHandler<D, N>::eval(cepgen::GridHandler<D, N>::coord_t) const [with long unsigned int D = 2; long unsigned int N = 2; cepgen::GridHandler<D, N>::values_t = std::array<double, 2>; cepgen::GridHandler<D, N>::coord_t = std::vector<double>][0m: Failed to evaluate the value (N=1) for x = -1.2777e-08 / y = 11.1193 in grid with boundaries {-9 to 0, 0 to 10}. GSL error: input domain error
[34;1mWarning[0m [;2;4mcepgen::GridHandler<D, N>::values_t cepgen::GridHandler<D, N>::eval(cepgen::GridHandler<D, N>::coord_t) const [with long unsigned int D = 2; long unsigned int N = 2; cepgen::GridHandler<D, N>::values_t = std::array<double, 2>; cepgen::GridHandler<D, N>::coord_t = std::vector<double>][0m: Failed to evaluate the value (N=0) for x = -3.42403e-08 / y = 10.7814 in grid with boundaries {-9 to 0, 0 to 10}. GSL error: input domain error
[34;1mWarning[0m [;2;4mcepgen::GridHandler<D, N>::values_t cepgen::GridHandler<D, N>::eval(cepgen::GridHandler<D, N>::coord_t) const [with long unsigned int D = 2; long unsigned int N = 2; cepgen::GridHandler<D, N>::values_t = std::array<double, 2>; cepgen::GridHandler<D, N>::coord_t = std::vector<double>][0m: Failed to evaluate the value (N=1) for x = -3.42403e-08 / y = 10.7814 in grid with boundaries {-9 to 0, 0 to 10}. GSL error: input domain error
[34;1mWarning[0m [;2;4mvirtual double cepgen::proc::Process2to4::computeFactorisedMatrixElement()[0m: Invalid X system squared mass: 1925.49/1925.49.
[34;1mWarning[0m [;2;4mcepgen::GridHandler<D, N>::values_t cepgen::GridHandler<D, N>::eval(cepgen::GridHandler<D, N>::coord_t) const [with long unsigned int D = 2; long unsigned int N = 2; cepgen::GridHandler<D, N>::values_t = std::array<double, 2>; cepgen::GridHandler<D, N>::coord_t = std::vector<double>][0m: Failed to evaluate the value (N=0) for x = -1.22109e-09 / y = 10.0323 in grid with boundaries {-9 to 0, 0 to 10}. GSL error: input domain error
[34;1mWarning[0m [;2;4mcepgen::GridHandler<D, N>::values_t cepgen::GridHandler<D, N>::eval(cepgen::GridHandler<D, N>::coord_t) const [with long unsigned int D = 2; long unsigned int N = 2; cepgen::GridHandler<D, N>::values_t = std::array<double, 2>; cepgen::GridHandler<D, N>::coord_t = std::vector<double>][0m: Failed to evaluate the value (N=1) for x = -1.22109e-09 / y = 10.0323 in grid with boundaries {-9 to 0, 0 to 10}. GSL error: input domain error
[34;1mWarning[0m [;2;4mcepgen::GridHandler<D, N>::values_t cepgen::GridHandler<D, N>::eval(cepgen::GridHandler<D, N>::coord_t) const [with long unsigned int D = 2; long unsigned int N = 2; cepgen::GridHandler<D, N>::values_t = std::array<double, 2>; cepgen::GridHandler<D, N>::coord_t = std::vector<double>][0m: Failed to evaluate the value (N=0) for x = -6.97019e-09 / y = 10.1893 in grid with boundaries {-9 to 0, 0 to 10}. GSL error: input domain error
[34;1mWarning[0m [;2;4mcepgen::GridHandler<D, N>::values_t cepgen::GridHandler<D, N>::eval(cepgen::GridHandler<D, N>::coord_t) const [with long unsigned int D = 2; long unsigned int N = 2; cepgen::GridHandler<D, N>::values_t = std::array<double, 2>; cepgen::GridHandler<D, N>::coord_t = std::vector<double>][0m: Failed to evaluate the value (N=1) for x = -6.97019e-09 / y = 10.1893 in grid with boundaries {-9 to 0, 0 to 10}. GSL error: input domain error
[34;1mWarning[0m [;2;4mvirtual double cepgen::proc::Process2to4::computeFactorisedMatrixElement()[0m: Invalid X system squared mass: 4661.85/4661.86.
[34;1mWarning[0m [;2;4mcepgen::GridHandler<D, N>::values_t cepgen::GridHandler<D, N>::eval(cepgen::GridHandler<D, N>::coord_t) const [with long unsigned int D = 2; long unsigned int N = 2; cepgen::GridHandler<D, N>::values_t = std::array<double, 2>; cepgen::GridHandler<D, N>::coord_t = std::vector<double>][0m: Failed to evaluate the value (N=0) for x = -1.16929e-09 / y = 10.04 in grid with boundaries {-9 to 0, 0 to 10}. GSL error: input domain error
[34;1mWarning[0m [;2;4mcepgen::GridHandler<D, N>::values_t cepgen::GridHandler<D, N>::eval(cepgen::GridHandler<D, N>::coord_t) const [with long unsigned int D = 2; long unsigned int N = 2; cepgen::GridHandler<D, N>::values_t = std::array<double, 2>; cepgen::GridHandler<D, N>::coord_t = std::vector<double>][0m: Failed to evaluate the value (N=1) for x = -1.16929e-09 / y = 10.04 in grid with boundaries {-9 to 0, 0 to 10}. GSL error: input domain error
[34;1mWarning[0m [;2;4mcepgen::GridHandler<D, N>::values_t cepgen::GridHandler<D, N>::eval(cepgen::GridHandler<D, N>::coord_t) const [with long unsigned int D = 2; long unsigned int N = 2; cepgen::GridHandler<D, N>::values_t = std::array<double, 2>; cepgen::GridHandler<D, N>::coord_t = std::vector<double>][0m: Failed to evaluate the value (N=0) for x = -1.07692e-07 / y = 10.0443 in grid with boundaries {-9 to 0, 0 to 10}. GSL error: input domain error
[34;1mWarning[0m [;2;4mcepgen::GridHandler<D, N>::values_t cepgen::GridHandler<D, N>::eval(cepgen::GridHandler<D, N>::coord_t) const [with long unsigned int D = 2; long unsigned int N = 2; cepgen::GridHandler<D, N>::values_t = std::array<double, 2>; cepgen::GridHandler<D, N>::coord_t = std::vector<double>][0m: Failed to evaluate the value (N=1) for x = -1.07692e-07 / y = 10.0443 in grid with boundaries {-9 to 0, 0 to 10}. GSL error: input domain error
[34;1mWarning[0m [;2;4mvirtual double cepgen::proc::Process2to4::computeFactorisedMatrixElement()[0m: Invalid X system squared mass: 453266/453266.
[34;1mWarning[0m [;2;4mcepgen::GridHandler<D, N>::values_t cepgen::GridHandler<D, N>::eval(cepgen::GridHandler<D, N>::coord_t) const [with long unsigned int D = 2; long unsigned int N = 2; cepgen::GridHandler<D, N>::values_t = std::array<double, 2>; cepgen::GridHandler<D, N>::coord_t = std::vector<double>][0m: Failed to evaluate the value (N=0) for x = -7.04233e-08 / y = 10.5872 in grid with boundaries {-9 to 0, 0 to 10}. GSL error: input domain error
[34;1mWarning[0m [;2;4mcepgen::GridHandler<D, N>::values_t cepgen::GridHandler<D, N>::eval(cepgen::GridHandler<D, N>::coord_t) const [with long unsigned int D = 2; long unsigned int N = 2; cepgen::GridHandler<D, N>::values_t = std::array<double, 2>; cepgen::GridHandler<D, N>::coord_t = std::vector<double>][0m: Failed to evaluate the value (N=1) for x = -7.04233e-08 / y = 10.5872 in grid with boundaries {-9 to 0, 0 to 10}. GSL error: input domain error
[34;1mWarning[0m [;2;4mvirtual double cepgen::proc::Process2to4::computeFactorisedMatrixElement()[0m: Invalid X system squared mass: 78954.5/78954.5.
[34;1mWarning[0m [;2;4mcepgen::GridHandler<D, N>::values_t cepgen::GridHandler<D, N>::eval(cepgen::GridHandler<D, N>::coord_t) const [with long unsigned int D = 2; long unsigned int N = 2; cepgen::GridHandler<D, N>::values_t = std::array<double, 2>; cepgen::GridHandler<D, N>::coord_t = std::vector<double>][0m: Failed to evaluate the value (N=0) for x = -2.10515e-06 / y = 10.7016 in grid with boundaries {-9 to 0, 0 to 10}. GSL error: input domain error
[34;1mWarning[0m [;2;4mcepgen::GridHandler<D, N>::values_t cepgen::GridHandler<D, N>::eval(cepgen::GridHandler<D, N>::coord_t) const [with long unsigned int D = 2; long unsigned int N = 2; cepgen::GridHandler<D, N>::values_t = std::array<double, 2>; cepgen::GridHandler<D, N>::coord_t = std::vector<double>][0m: Failed to evaluate the value (N=1) for x = -2.10515e-06 / y = 10.7016 in grid with boundaries {-9 to 0, 0 to 10}. GSL error: input domain error
[34;1mWarning[0m [;2;4mcepgen::GridHandler<D, N>::values_t cepgen::GridHandler<D, N>::eval(cepgen::GridHandler<D, N>::coord_t) const [with long unsigned int D = 2; long unsigned int N = 2; cepgen::GridHandler<D, N>::values_t = std::array<double, 2>; cepgen::GridHandler<D, N>::coord_t = std::vector<double>][0m: Failed to evaluate the value (N=0) for x = -5.16993e-06 / y = 10.3958 in grid with boundaries {-9 to 0, 0 to 10}. GSL error: input domain error
[34;1mWarning[0m [;2;4mcepgen::GridHandler<D, N>::values_t cepgen::GridHandler<D, N>::eval(cepgen::GridHandler<D, N>::coord_t) const [with long unsigned int D = 2; long unsigned int N = 2; cepgen::GridHandler<D, N>::values_t = std::array<double, 2>; cepgen::GridHandler<D, N>::coord_t = std::vector<double>][0m: Failed to evaluate the value (N=1) for x = -5.16993e-06 / y = 10.3958 in grid with boundaries {-9 to 0, 0 to 10}. GSL error: input domain error
[34;1mWarning[0m [;2;4mvirtual double cepgen::proc::Process2to4::computeFactorisedMatrixElement()[0m: Invalid X system squared mass: 105819/105819.
[34;1mWarning[0m [;2;4mcepgen::GridHandler<D, N>::values_t cepgen::GridHandler<D, N>::eval(cepgen::GridHandler<D, N>::coord_t) const [with long unsigned int D = 2; long unsigned int N = 2; cepgen::GridHandler<D, N>::values_t = std::array<double, 2>; cepgen::GridHandler<D, N>::coord_t = std::vector<double>][0m: Failed to evaluate the value (N=0) for x = -2.38214e-06 / y = 10.9072 in grid with boundaries {-9 to 0, 0 to 10}. GSL error: input domain error
[34;1mWarning[0m [;2;4mcepgen::GridHandler<D, N>::values_t cepgen::GridHandler<D, N>::eval(cepgen::GridHandler<D, N>::coord_t) const [with long unsigned int D = 2; long unsigned int N = 2; cepgen::GridHandler<D, N>::values_t = std::array<double, 2>; cepgen::GridHandler<D, N>::coord_t = std::vector<double>][0m: Failed to evaluate the value (N=1) for x = -2.38214e-06 / y = 10.9072 in grid with boundaries {-9 to 0, 0 to 10}. GSL error: input domain error
[34;1mWarning[0m [;2;4mcepgen::GridHandler<D, N>::values_t cepgen::GridHandler<D, N>::eval(cepgen::GridHandler<D, N>::coord_t) const [with long unsigned int D = 2; long unsigned int N = 2; cepgen::GridHandler<D, N>::values_t = std::array<double, 2>; cepgen::GridHandler<D, N>::coord_t = std::vector<double>][0m: Failed to evaluate the value (N=0) for x = -4.86504e-07 / y = 10.0707 in grid with boundaries {-9 to 0, 0 to 10}. GSL error: input domain error
[34;1mWarning[0m [;2;4mcepgen::GridHandler<D, N>::values_t cepgen::GridHandler<D, N>::eval(cepgen::GridHandler<D, N>::coord_t) const [with long unsigned int D = 2; long unsigned int N = 2; cepgen::GridHandler<D, N>::values_t = std::array<double, 2>; cepgen::GridHandler<D, N>::coord_t = std::vector<double>][0m: Failed to evaluate the value (N=1) for x = -4.86504e-07 / y = 10.0707 in grid with boundaries {-9 to 0, 0 to 10}. GSL error: input domain error
[34;1mWarning[0m [;2;4mvirtual double cepgen::proc::Process2to4::computeFactorisedMatrixElement()[0m: Invalid X system squared mass: 7939.74/7939.74.
[34;1mWarning[0m [;2;4mcepgen::GridHandler<D, N>::values_t cepgen::GridHandler<D, N>::eval(cepgen::GridHandler<D, N>::coord_t) const [with long unsigned int D = 2; long unsigned int N = 2; cepgen::GridHandler<D, N>::values_t = std::array<double, 2>; cepgen::GridHandler<D, N>::coord_t = std::vector<double>][0m: Failed to evaluate the value (N=0) for x = -9.46308e-06 / y = 10.6541 in grid with boundaries {-9 to 0, 0 to 10}. GSL error: input domain error
[34;1mWarning[0m [;2;4mcepgen::GridHandler<D, N>::values_t cepgen::GridHandler<D, N>::eval(cepgen::GridHandler<D, N>::coord_t) const [with long unsigned int D = 2; long unsigned int N = 2; cepgen::GridHandler<D, N>::values_t = std::array<double, 2>; cepgen::GridHandler<D, N>::coord_t = std::vector<double>][0m: Failed to evaluate the value (N=1) for x = -9.46308e-06 / y = 10.6541 in grid with boundaries {-9 to 0, 0 to 10}. GSL error: input domain error
[34;1mWarning[0m [;2;4mcepgen::GridHandler<D, N>::values_t cepgen::GridHandler<D, N>::eval(cepgen::GridHandler<D, N>::coord_t) const [with long unsigned int D = 2; long unsigned int N = 2; cepgen::GridHandler<D, N>::values_t = std::array<double, 2>; cepgen::GridHandler<D, N>::coord_t = std::vector<double>][0m: Failed to evaluate the value (N=0) for x = -4.18031e-06 / y = 10.1614 in grid with boundaries {-9 to 0, 0 to 10}. GSL error: input domain error
[34;1mWarning[0m [;2;4mcepgen::GridHandler<D, N>::values_t cepgen::GridHandler<D, N>::eval(cepgen::GridHandler<D, N>::coord_t) const [with long unsigned int D = 2; long unsigned int N = 2; cepgen::GridHandler<D, N>::values_t = std::array<double, 2>; cepgen::GridHandler<D, N>::coord_t = std::vector<double>][0m: Failed to evaluate the value (N=1) for x = -4.18031e-06 / y = 10.1614 in grid with boundaries {-9 to 0, 0 to 10}. GSL error: input domain error
[32;1mInfo[0m:	Finished the grid preparation. Now launching the unweighted event production.
[32;1mInfo[0m:	100000 events will be generated.
Event content:
 Id	PDG id	   Name		Charge	Role	 Status	Mother	px            py            pz            E      	 M         
 --	------	   ----		------	----	 ------	------	----GeV/c---  ----GeV/c---  ----GeV/c---  ----GeV/c---	 --GeV/cÂ²--
  0	+2212      p      	1	i.beam 1     -9	        0.000000e+00  0.000000e+00  6.500000e+03  6.500000e+03      0.93827
  1	+2212      p      	1	i.beam 2     -9	        0.000000e+00  0.000000e+00 -6.500000e+03  6.500000e+03      0.93827
  2	+22        gamma  	0	parton 1     -1	     0 -7.700989e+00 -2.113933e+01  1.205837e+04  9.408626e+02  12021.62967
  3	+22        gamma  	0	parton 2     -1	     1 -9.125060e-02 -1.534614e-02 -1.267674e+04  3.232639e+02  12672.61374
  4		   gamma/gamma	0	hard pr.     -2	   2+3 -7.792239e+00 -2.115467e+01 -6.183657e+02  1.264126e+03   1102.32996
  5	+2212      p      	1	o.beam 1      3	     0  7.700989e+00  2.113933e+01 -5.558370e+03  5.559137e+03     89.56464
  6	+2212      p      	1	o.beam 2      1	     1  9.125060e-02  1.534614e-02  6.176736e+03  6.176736e+03      0.93827
  7	+24        W      	1	central       2	     4  9.293307e+01  1.298729e+02 -2.869316e+02  3.380735e+02     80.37700
  8	-24        W      	-1	central       2	     4 -1.007253e+02 -1.510275e+02  9.049138e+02  9.264364e+02     80.37700
 ----------------------------------------------------------------------------------------------------------------------------------
							Balance 0.000000e+00  0.000000e+00  1.236348e+03  1.300038e+04
[34;1mWarning[0m [;2;4mcepgen::GridHandler<D, N>::values_t cepgen::GridHandler<D, N>::eval(cepgen::GridHandler<D, N>::coord_t) const [with long unsigned int D = 2; long unsigned int N = 2; cepgen::GridHandler<D, N>::values_t = std::array<double, 2>; cepgen::GridHandler<D, N>::coord_t = std::vector<double>][0m: Failed to evaluate the value (N=0) for x = -4.36399e-07 / y = 10.1513 in grid with boundaries {-9 to 0, 0 to 10}. GSL error: input domain error
[34;1mWarning[0m [;2;4mcepgen::GridHandler<D, N>::values_t cepgen::GridHandler<D, N>::eval(cepgen::GridHandler<D, N>::coord_t) const [with long unsigned int D = 2; long unsigned int N = 2; cepgen::GridHandler<D, N>::values_t = std::array<double, 2>; cepgen::GridHandler<D, N>::coord_t = std::vector<double>][0m: Failed to evaluate the value (N=1) for x = -4.36399e-07 / y = 10.1513 in grid with boundaries {-9 to 0, 0 to 10}. GSL error: input domain error
[34;1mWarning[0m [;2;4mcepgen::GridHandler<D, N>::values_t cepgen::GridHandler<D, N>::eval(cepgen::GridHandler<D, N>::coord_t) const [with long unsigned int D = 2; long unsigned int N = 2; cepgen::GridHandler<D, N>::values_t = std::array<double, 2>; cepgen::GridHandler<D, N>::coord_t = std::vector<double>][0m: Failed to evaluate the value (N=0) for x = -3.03364e-07 / y = 10.2692 in grid with boundaries {-9 to 0, 0 to 10}. GSL error: input domain error
[34;1mWarning[0m [;2;4mcepgen::GridHandler<D, N>::values_t cepgen::GridHandler<D, N>::eval(cepgen::GridHandler<D, N>::coord_t) const [with long unsigned int D = 2; long unsigned int N = 2; cepgen::GridHandler<D, N>::values_t = std::array<double, 2>; cepgen::GridHandler<D, N>::coord_t = std::vector<double>][0m: Failed to evaluate the value (N=1) for x = -3.03364e-07 / y = 10.2692 in grid with boundaries {-9 to 0, 0 to 10}. GSL error: input domain error
[34;1mWarning[0m [;2;4mcepgen::GridHandler<D, N>::values_t cepgen::GridHandler<D, N>::eval(cepgen::GridHandler<D, N>::coord_t) const [with long unsigned int D = 2; long unsigned int N = 2; cepgen::GridHandler<D, N>::values_t = std::array<double, 2>; cepgen::GridHandler<D, N>::coord_t = std::vector<double>][0m: Failed to evaluate the value (N=0) for x = -7.66334e-07 / y = 10.4654 in grid with boundaries {-9 to 0, 0 to 10}. GSL error: input domain error
[34;1mWarning[0m [;2;4mcepgen::GridHandler<D, N>::values_t cepgen::GridHandler<D, N>::eval(cepgen::GridHandler<D, N>::coord_t) const [with long unsigned int D = 2; long unsigned int N = 2; cepgen::GridHandler<D, N>::values_t = std::array<double, 2>; cepgen::GridHandler<D, N>::coord_t = std::vector<double>][0m: Failed to evaluate the value (N=1) for x = -7.66334e-07 / y = 10.4654 in grid with boundaries {-9 to 0, 0 to 10}. GSL error: input domain error
[32;1mInfo[0m:	10000 events generated.
Event content:
 Id	PDG id	   Name		Charge	Role	 Status	Mother	px            py            pz            E      	 M         
 --	------	   ----		------	----	 ------	------	----GeV/c---  ----GeV/c---  ----GeV/c---  ----GeV/c---	 --GeV/cÂ²--
  0	+2212      p      	1	i.beam 1     -9	        0.000000e+00  0.000000e+00  6.500000e+03  6.500000e+03      0.93827
  1	+2212      p      	1	i.beam 2     -9	        0.000000e+00  0.000000e+00 -6.500000e+03  6.500000e+03      0.93827
  2	+22        gamma  	0	parton 1     -1	     0 -2.936778e+01  2.631535e+01  1.287162e+04  1.281088e+02  12871.04073
  3	+22        gamma  	0	parton 2     -1	     1 -5.361498e-02 -2.499665e-02 -1.288751e+04  1.124905e+02  12887.01851
  4		   gamma/gamma	0	hard pr.     -2	   2+3 -2.942139e+01  2.629035e+01 -1.589160e+01  2.405994e+02    236.80946
  5	+2212      p      	1	o.beam 1      3	     0  2.936778e+01 -2.631535e+01 -6.371618e+03  6.371891e+03     43.91588
  6	+2212      p      	1	o.beam 2      1	     1  5.361498e-02  2.499665e-02  6.387509e+03  6.387510e+03      0.93827
  7	+24        W      	1	central       2	     4 -4.099738e+01  7.375361e+01  6.617497e+01  1.340148e+02     80.37700
  8	-24        W      	-1	central       2	     4  1.157599e+01 -4.746326e+01 -5.042001e+01  1.067212e+02     80.37700
 ----------------------------------------------------------------------------------------------------------------------------------
							Balance 0.000000e+00  0.000000e+00  3.164656e+01  1.300014e+04
[34;1mWarning[0m [;2;4mvirtual double cepgen::proc::Process2to4::computeFactorisedMatrixElement()[0m: Invalid X system squared mass: 183.703/183.725.
[34;1mWarning[0m [;2;4mcepgen::GridHandler<D, N>::values_t cepgen::GridHandler<D, N>::eval(cepgen::GridHandler<D, N>::coord_t) const [with long unsigned int D = 2; long unsigned int N = 2; cepgen::GridHandler<D, N>::values_t = std::array<double, 2>; cepgen::GridHandler<D, N>::coord_t = std::vector<double>][0m: Failed to evaluate the value (N=0) for x = -1.00766e-09 / y = 10.2436 in grid with boundaries {-9 to 0, 0 to 10}. GSL error: input domain error
[34;1mWarning[0m [;2;4mcepgen::GridHandler<D, N>::values_t cepgen::GridHandler<D, N>::eval(cepgen::GridHandler<D, N>::coord_t) const [with long unsigned int D = 2; long unsigned int N = 2; cepgen::GridHandler<D, N>::values_t = std::array<double, 2>; cepgen::GridHandler<D, N>::coord_t = std::vector<double>][0m: Failed to evaluate the value (N=1) for x = -1.00766e-09 / y = 10.2436 in grid with boundaries {-9 to 0, 0 to 10}. GSL error: input domain error
[32;1mInfo[0m:	20000 events generated.
Event content:
 Id	PDG id	   Name		Charge	Role	 Status	Mother	px            py            pz            E      	 M         
 --	------	   ----		------	----	 ------	------	----GeV/c---  ----GeV/c---  ----GeV/c---  ----GeV/c---	 --GeV/cÂ²--
  0	+2212      p      	1	i.beam 1     -9	        0.000000e+00  0.000000e+00  6.500000e+03  6.500000e+03      0.93827
  1	+2212      p      	1	i.beam 2     -9	        0.000000e+00  0.000000e+00 -6.500000e+03  6.500000e+03      0.93827
  2	+22        gamma  	0	parton 1     -1	     0  3.001994e-01  8.132291e-01  1.252700e+04  4.730001e+02  12518.06573
  3	+22        gamma  	0	parton 2     -1	     1  6.565619e-02  1.685101e-01 -1.262829e+04  3.717148e+02  12622.81327
  4		   gamma/gamma	0	hard pr.     -2	   2+3  3.658556e-01  9.817392e-01 -1.012864e+02  8.447149e+02    838.61988
  5	+2212      p      	1	o.beam 1      3	     0 -3.001994e-01 -8.132291e-01 -6.026999e+03  6.027000e+03      3.65776
  6	+2212      p      	1	o.beam 2      1	     1 -6.565619e-02 -1.685101e-01  6.128285e+03  6.128285e+03      0.93827
  7	-24        W      	-1	central       2	     4  7.606885e+00  8.623916e+01 -3.547026e+02  3.738575e+02     80.37700
  8	+24        W      	1	central       2	     4 -7.241029e+00 -8.525742e+01  4.559884e+02  4.708579e+02     80.37700
 ----------------------------------------------------------------------------------------------------------------------------------
							Balance 0.000000e+00  0.000000e+00  2.025723e+02  1.300000e+04
[34;1mWarning[0m [;2;4mvirtual double cepgen::proc::Process2to4::computeFactorisedMatrixElement()[0m: Invalid X system squared mass: 59841.6/59841.6.
[34;1mWarning[0m [;2;4mcepgen::GridHandler<D, N>::values_t cepgen::GridHandler<D, N>::eval(cepgen::GridHandler<D, N>::coord_t) const [with long unsigned int D = 2; long unsigned int N = 2; cepgen::GridHandler<D, N>::values_t = std::array<double, 2>; cepgen::GridHandler<D, N>::coord_t = std::vector<double>][0m: Failed to evaluate the value (N=0) for x = -4.38911e-09 / y = 10.3318 in grid with boundaries {-9 to 0, 0 to 10}. GSL error: input domain error
[34;1mWarning[0m [;2;4mcepgen::GridHandler<D, N>::values_t cepgen::GridHandler<D, N>::eval(cepgen::GridHandler<D, N>::coord_t) const [with long unsigned int D = 2; long unsigned int N = 2; cepgen::GridHandler<D, N>::values_t = std::array<double, 2>; cepgen::GridHandler<D, N>::coord_t = std::vector<double>][0m: Failed to evaluate the value (N=1) for x = -4.38911e-09 / y = 10.3318 in grid with boundaries {-9 to 0, 0 to 10}. GSL error: input domain error
[34;1mWarning[0m [;2;4mcepgen::GridHandler<D, N>::values_t cepgen::GridHandler<D, N>::eval(cepgen::GridHandler<D, N>::coord_t) const [with long unsigned int D = 2; long unsigned int N = 2; cepgen::GridHandler<D, N>::values_t = std::array<double, 2>; cepgen::GridHandler<D, N>::coord_t = std::vector<double>][0m: Failed to evaluate the value (N=0) for x = -7.33664e-06 / y = 10.4668 in grid with boundaries {-9 to 0, 0 to 10}. GSL error: input domain error
[34;1mWarning[0m [;2;4mcepgen::GridHandler<D, N>::values_t cepgen::GridHandler<D, N>::eval(cepgen::GridHandler<D, N>::coord_t) const [with long unsigned int D = 2; long unsigned int N = 2; cepgen::GridHandler<D, N>::values_t = std::array<double, 2>; cepgen::GridHandler<D, N>::coord_t = std::vector<double>][0m: Failed to evaluate the value (N=1) for x = -7.33664e-06 / y = 10.4668 in grid with boundaries {-9 to 0, 0 to 10}. GSL error: input domain error
[32;1mInfo[0m:	30000 events generated.
Event content:
 Id	PDG id	   Name		Charge	Role	 Status	Mother	px            py            pz            E      	 M         
 --	------	   ----		------	----	 ------	------	----GeV/c---  ----GeV/c---  ----GeV/c---  ----GeV/c---	 --GeV/cÂ²--
  0	+2212      p      	1	i.beam 1     -9	        0.000000e+00  0.000000e+00  6.500000e+03  6.500000e+03      0.93827
  1	+2212      p      	1	i.beam 2     -9	        0.000000e+00  0.000000e+00 -6.500000e+03  6.500000e+03      0.93827
  2	+22        gamma  	0	parton 1     -1	     0  1.255151e+01 -6.548385e+00  1.255155e+04  4.461934e+02  12543.62221
  3	+22        gamma  	0	parton 2     -1	     1 -2.717253e-02 -3.782461e-02 -1.290659e+04  9.340571e+01  12906.25629
  4		   gamma/gamma	0	hard pr.     -2	   2+3  1.252434e+01 -6.586209e+00 -3.550467e+02  5.395991e+02    406.08956
  5	+2212      p      	1	o.beam 1      3	     0 -1.255151e+01  6.548385e+00 -6.051548e+03  6.053807e+03    164.76469
  6	+2212      p      	1	o.beam 2      1	     1  2.717253e-02  3.782461e-02  6.406594e+03  6.406594e+03      0.93827
  7	+24        W      	1	central       2	     4 -4.656493e+01 -1.076467e+02 -1.734151e+01  1.432386e+02     80.37700
  8	-24        W      	-1	central       2	     4  5.908927e+01  1.010605e+02  3.712587e+02  3.974899e+02     80.37700
 ----------------------------------------------------------------------------------------------------------------------------------
							Balance 0.000000e+00  0.000000e+00  7.089639e+02  1.300113e+04
[34;1mWarning[0m [;2;4mcepgen::GridHandler<D, N>::values_t cepgen::GridHandler<D, N>::eval(cepgen::GridHandler<D, N>::coord_t) const [with long unsigned int D = 2; long unsigned int N = 2; cepgen::GridHandler<D, N>::values_t = std::array<double, 2>; cepgen::GridHandler<D, N>::coord_t = std::vector<double>][0m: Failed to evaluate the value (N=0) for x = -1.90269e-09 / y = 10.0278 in grid with boundaries {-9 to 0, 0 to 10}. GSL error: input domain error
[34;1mWarning[0m [;2;4mcepgen::GridHandler<D, N>::values_t cepgen::GridHandler<D, N>::eval(cepgen::GridHandler<D, N>::coord_t) const [with long unsigned int D = 2; long unsigned int N = 2; cepgen::GridHandler<D, N>::values_t = std::array<double, 2>; cepgen::GridHandler<D, N>::coord_t = std::vector<double>][0m: Failed to evaluate the value (N=1) for x = -1.90269e-09 / y = 10.0278 in grid with boundaries {-9 to 0, 0 to 10}. GSL error: input domain error
[34;1mWarning[0m [;2;4mcepgen::GridHandler<D, N>::values_t cepgen::GridHandler<D, N>::eval(cepgen::GridHandler<D, N>::coord_t) const [with long unsigned int D = 2; long unsigned int N = 2; cepgen::GridHandler<D, N>::values_t = std::array<double, 2>; cepgen::GridHandler<D, N>::coord_t = std::vector<double>][0m: Failed to evaluate the value (N=0) for x = -4.30161e-07 / y = 10.4428 in grid with boundaries {-9 to 0, 0 to 10}. GSL error: input domain error
[34;1mWarning[0m [;2;4mcepgen::GridHandler<D, N>::values_t cepgen::GridHandler<D, N>::eval(cepgen::GridHandler<D, N>::coord_t) const [with long unsigned int D = 2; long unsigned int N = 2; cepgen::GridHandler<D, N>::values_t = std::array<double, 2>; cepgen::GridHandler<D, N>::coord_t = std::vector<double>][0m: Failed to evaluate the value (N=1) for x = -4.30161e-07 / y = 10.4428 in grid with boundaries {-9 to 0, 0 to 10}. GSL error: input domain error
[32;1mInfo[0m:	40000 events generated.
Event content:
 Id	PDG id	   Name		Charge	Role	 Status	Mother	px            py            pz            E      	 M         
 --	------	   ----		------	----	 ------	------	----GeV/c---  ----GeV/c---  ----GeV/c---  ----GeV/c---	 --GeV/cÂ²--
  0	+2212      p      	1	i.beam 1     -9	        0.000000e+00  0.000000e+00  6.500000e+03  6.500000e+03      0.93827
  1	+2212      p      	1	i.beam 2     -9	        0.000000e+00  0.000000e+00 -6.500000e+03  6.500000e+03      0.93827
  2	+22        gamma  	0	parton 1     -1	     0  4.788848e-03 -7.182655e-01  1.289511e+04  1.048890e+02  12894.68405
  3	+22        gamma  	0	parton 2     -1	     1 -2.582474e-01 -6.412863e-02 -1.263645e+04  3.635547e+02  12631.21445
  4		   gamma/gamma	0	hard pr.     -2	   2+3 -2.534585e-01 -7.823941e-01  2.586653e+02  4.684437e+02    390.55226
  5	+2212      p      	1	o.beam 1      3	     0 -4.788848e-03  7.182655e-01 -6.395111e+03  6.395111e+03      2.25290
  6	+2212      p      	1	o.beam 2      1	     1  2.582474e-01  6.412863e-02  6.136445e+03  6.136445e+03      0.93827
  7	-24        W      	-1	central       2	     4  8.391576e+01  7.213997e+01 -2.960404e+02  3.261080e+02     80.37700
  8	+24        W      	1	central       2	     4 -8.416922e+01 -7.292236e+01  3.737497e+01  1.423358e+02     80.37700
 ----------------------------------------------------------------------------------------------------------------------------------
							Balance 0.000000e+00  0.000000e+00  0.000000e+00  1.300000e+04
[34;1mWarning[0m [;2;4mcepgen::GridHandler<D, N>::values_t cepgen::GridHandler<D, N>::eval(cepgen::GridHandler<D, N>::coord_t) const [with long unsigned int D = 2; long unsigned int N = 2; cepgen::GridHandler<D, N>::values_t = std::array<double, 2>; cepgen::GridHandler<D, N>::coord_t = std::vector<double>][0m: Failed to evaluate the value (N=0) for x = -2.8401e-07 / y = 10.3082 in grid with boundaries {-9 to 0, 0 to 10}. GSL error: input domain error
[34;1mWarning[0m [;2;4mcepgen::GridHandler<D, N>::values_t cepgen::GridHandler<D, N>::eval(cepgen::GridHandler<D, N>::coord_t) const [with long unsigned int D = 2; long unsigned int N = 2; cepgen::GridHandler<D, N>::values_t = std::array<double, 2>; cepgen::GridHandler<D, N>::coord_t = std::vector<double>][0m: Failed to evaluate the value (N=1) for x = -2.8401e-07 / y = 10.3082 in grid with boundaries {-9 to 0, 0 to 10}. GSL error: input domain error
[34;1mWarning[0m [;2;4mcepgen::GridHandler<D, N>::values_t cepgen::GridHandler<D, N>::eval(cepgen::GridHandler<D, N>::coord_t) const [with long unsigned int D = 2; long unsigned int N = 2; cepgen::GridHandler<D, N>::values_t = std::array<double, 2>; cepgen::GridHandler<D, N>::coord_t = std::vector<double>][0m: Failed to evaluate the value (N=0) for x = -1.4483e-06 / y = 10.3274 in grid with boundaries {-9 to 0, 0 to 10}. GSL error: input domain error
[34;1mWarning[0m [;2;4mcepgen::GridHandler<D, N>::values_t cepgen::GridHandler<D, N>::eval(cepgen::GridHandler<D, N>::coord_t) const [with long unsigned int D = 2; long unsigned int N = 2; cepgen::GridHandler<D, N>::values_t = std::array<double, 2>; cepgen::GridHandler<D, N>::coord_t = std::vector<double>][0m: Failed to evaluate the value (N=1) for x = -1.4483e-06 / y = 10.3274 in grid with boundaries {-9 to 0, 0 to 10}. GSL error: input domain error
[34;1mWarning[0m [;2;4mcepgen::GridHandler<D, N>::values_t cepgen::GridHandler<D, N>::eval(cepgen::GridHandler<D, N>::coord_t) const [with long unsigned int D = 2; long unsigned int N = 2; cepgen::GridHandler<D, N>::values_t = std::array<double, 2>; cepgen::GridHandler<D, N>::coord_t = std::vector<double>][0m: Failed to evaluate the value (N=0) for x = -2.39767e-06 / y = 11.2543 in grid with boundaries {-9 to 0, 0 to 10}. GSL error: input domain error
[34;1mWarning[0m [;2;4mcepgen::GridHandler<D, N>::values_t cepgen::GridHandler<D, N>::eval(cepgen::GridHandler<D, N>::coord_t) const [with long unsigned int D = 2; long unsigned int N = 2; cepgen::GridHandler<D, N>::values_t = std::array<double, 2>; cepgen::GridHandler<D, N>::coord_t = std::vector<double>][0m: Failed to evaluate the value (N=1) for x = -2.39767e-06 / y = 11.2543 in grid with boundaries {-9 to 0, 0 to 10}. GSL error: input domain error
[32;1mInfo[0m:	50000 events generated.
Event content:
 Id	PDG id	   Name		Charge	Role	 Status	Mother	px            py            pz            E      	 M         
 --	------	   ----		------	----	 ------	------	----GeV/c---  ----GeV/c---  ----GeV/c---  ----GeV/c---	 --GeV/cÂ²--
  0	+2212      p      	1	i.beam 1     -9	        0.000000e+00  0.000000e+00  6.500000e+03  6.500000e+03      0.93827
  1	+2212      p      	1	i.beam 2     -9	        0.000000e+00  0.000000e+00 -6.500000e+03  6.500000e+03      0.93827
  2	+22        gamma  	0	parton 1     -1	     0 -2.181579e+01  9.364116e+01  1.272132e+04  2.666674e+02  12718.88470
  3	+22        gamma  	0	parton 2     -1	     1  2.648952e-02  2.959320e-02 -1.292218e+04  7.781771e+01  12921.94798
  4		   gamma/gamma	0	hard pr.     -2	   2+3 -2.178930e+01  9.367076e+01 -2.008657e+02  3.444851e+02    262.81925
  5	+2212      p      	1	o.beam 1      3	     0  2.181579e+01 -9.364116e+01 -6.221317e+03  6.233333e+03    374.71596
  6	+2212      p      	1	o.beam 2      1	     1 -2.648952e-02 -2.959320e-02  6.422182e+03  6.422182e+03      0.93827
  7	+24        W      	1	central       2	     4 -5.678000e+01  1.458415e+02  1.718035e+02  2.459077e+02     80.37700
  8	-24        W      	-1	central       2	     4  3.499070e+01 -5.217072e+01  2.305418e+01  1.045853e+02     80.37700
 ----------------------------------------------------------------------------------------------------------------------------------
							Balance 0.000000e+00  0.000000e+00  3.957234e+02  1.300601e+04
[34;1mWarning[0m [;2;4mcepgen::GridHandler<D, N>::values_t cepgen::GridHandler<D, N>::eval(cepgen::GridHandler<D, N>::coord_t) const [with long unsigned int D = 2; long unsigned int N = 2; cepgen::GridHandler<D, N>::values_t = std::array<double, 2>; cepgen::GridHandler<D, N>::coord_t = std::vector<double>][0m: Failed to evaluate the value (N=0) for x = -4.29164e-06 / y = 10.1382 in grid with boundaries {-9 to 0, 0 to 10}. GSL error: input domain error
[34;1mWarning[0m [;2;4mcepgen::GridHandler<D, N>::values_t cepgen::GridHandler<D, N>::eval(cepgen::GridHandler<D, N>::coord_t) const [with long unsigned int D = 2; long unsigned int N = 2; cepgen::GridHandler<D, N>::values_t = std::array<double, 2>; cepgen::GridHandler<D, N>::coord_t = std::vector<double>][0m: Failed to evaluate the value (N=1) for x = -4.29164e-06 / y = 10.1382 in grid with boundaries {-9 to 0, 0 to 10}. GSL error: input domain error
[32;1mInfo[0m:	60000 events generated.
Event content:
 Id	PDG id	   Name		Charge	Role	 Status	Mother	px            py            pz            E      	 M         
 --	------	   ----		------	----	 ------	------	----GeV/c---  ----GeV/c---  ----GeV/c---  ----GeV/c---	 --GeV/cÂ²--
  0	+2212      p      	1	i.beam 1     -9	        0.000000e+00  0.000000e+00  6.500000e+03  6.500000e+03      0.93827
  1	+2212      p      	1	i.beam 2     -9	        0.000000e+00  0.000000e+00 -6.500000e+03  6.500000e+03      0.93827
  2	+22        gamma  	0	parton 1     -1	     0  6.948889e+01 -5.468436e+01  1.291940e+04  6.617837e+01  12919.53345
  3	+22        gamma  	0	parton 2     -1	     1  2.558952e-01 -7.896093e-02 -1.284876e+04  1.512368e+02  12847.87310
  4		   gamma/gamma	0	hard pr.     -2	   2+3  6.974479e+01 -5.476332e+01  7.063714e+01  2.174152e+02    185.51656
  5	+2212      p      	1	o.beam 1      3	     0 -6.948889e+01  5.468436e+01 -6.419400e+03  6.433822e+03    421.35714
  6	+2212      p      	1	o.beam 2      1	     1 -2.558952e-01  7.896093e-02  6.348763e+03  6.348763e+03      0.93827
  7	-24        W      	-1	central       2	     4  7.509429e+01 -4.516819e+00 -1.582849e+01  1.112230e+02     80.37700
  8	+24        W      	1	central       2	     4 -5.349500e+00 -5.024650e+01 -6.201929e+01  1.134027e+02     80.37700
 ----------------------------------------------------------------------------------------------------------------------------------
							Balance 0.000000e+00  0.000000e+00  0.000000e+00  1.300721e+04
[34;1mWarning[0m [;2;4mvirtual double cepgen::proc::Process2to4::computeFactorisedMatrixElement()[0m: Invalid X system squared mass: 49446/49446.
[34;1mWarning[0m [;2;4mcepgen::GridHandler<D, N>::values_t cepgen::GridHandler<D, N>::eval(cepgen::GridHandler<D, N>::coord_t) const [with long unsigned int D = 2; long unsigned int N = 2; cepgen::GridHandler<D, N>::values_t = std::array<double, 2>; cepgen::GridHandler<D, N>::coord_t = std::vector<double>][0m: Failed to evaluate the value (N=0) for x = -3.89669e-09 / y = 10.2215 in grid with boundaries {-9 to 0, 0 to 10}. GSL error: input domain error
[34;1mWarning[0m [;2;4mcepgen::GridHandler<D, N>::values_t cepgen::GridHandler<D, N>::eval(cepgen::GridHandler<D, N>::coord_t) const [with long unsigned int D = 2; long unsigned int N = 2; cepgen::GridHandler<D, N>::values_t = std::array<double, 2>; cepgen::GridHandler<D, N>::coord_t = std::vector<double>][0m: Failed to evaluate the value (N=1) for x = -3.89669e-09 / y = 10.2215 in grid with boundaries {-9 to 0, 0 to 10}. GSL error: input domain error
[32;1mInfo[0m:	70000 events generated.
Event content:
 Id	PDG id	   Name		Charge	Role	 Status	Mother	px            py            pz            E      	 M         
 --	------	   ----		------	----	 ------	------	----GeV/c---  ----GeV/c---  ----GeV/c---  ----GeV/c---	 --GeV/cÂ²--
  0	+2212      p      	1	i.beam 1     -9	        0.000000e+00  0.000000e+00  6.500000e+03  6.500000e+03      0.93827
  1	+2212      p      	1	i.beam 2     -9	        0.000000e+00  0.000000e+00 -6.500000e+03  6.500000e+03      0.93827
  2	+22        gamma  	0	parton 1     -1	     0  1.192493e+02  3.231617e+01  1.263521e+04  3.597772e+02  12630.69491
  3	+22        gamma  	0	parton 2     -1	     1  2.009932e-02  4.183062e-02 -1.293141e+04  6.858914e+01  12931.22895
  4		   gamma/gamma	0	hard pr.     -2	   2+3  1.192694e+02  3.235800e+01 -2.961970e+02  4.283663e+02    283.71250
  5	+2212      p      	1	o.beam 1      3	     0 -1.192493e+02 -3.231617e+01 -6.135214e+03  6.140223e+03    214.99736
  6	+2212      p      	1	o.beam 2      1	     1 -2.009932e-02 -4.183062e-02  6.431411e+03  6.431411e+03      0.93827
  7	-24        W      	-1	central       2	     4  1.187165e+02 -8.706681e+01  1.900762e+02  2.535028e+02     80.37700
  8	+24        W      	1	central       2	     4  5.529393e-01  1.194248e+02  1.036163e+02  1.773679e+02     80.37700
 ----------------------------------------------------------------------------------------------------------------------------------
							Balance 0.000000e+00  0.000000e+00  5.898895e+02  1.300250e+04
[34;1mWarning[0m [;2;4mcepgen::GridHandler<D, N>::values_t cepgen::GridHandler<D, N>::eval(cepgen::GridHandler<D, N>::coord_t) const [with long unsigned int D = 2; long unsigned int N = 2; cepgen::GridHandler<D, N>::values_t = std::array<double, 2>; cepgen::GridHandler<D, N>::coord_t = std::vector<double>][0m: Failed to evaluate the value (N=0) for x = -8.92079e-06 / y = 10.261 in grid with boundaries {-9 to 0, 0 to 10}. GSL error: input domain error
[34;1mWarning[0m [;2;4mcepgen::GridHandler<D, N>::values_t cepgen::GridHandler<D, N>::eval(cepgen::GridHandler<D, N>::coord_t) const [with long unsigned int D = 2; long unsigned int N = 2; cepgen::GridHandler<D, N>::values_t = std::array<double, 2>; cepgen::GridHandler<D, N>::coord_t = std::vector<double>][0m: Failed to evaluate the value (N=1) for x = -8.92079e-06 / y = 10.261 in grid with boundaries {-9 to 0, 0 to 10}. GSL error: input domain error
[34;1mWarning[0m [;2;4mvirtual double cepgen::proc::Process2to4::computeFactorisedMatrixElement()[0m: Invalid X system squared mass: 90376.3/90376.3.
[32;1mInfo[0m:	80000 events generated.
Event content:
 Id	PDG id	   Name		Charge	Role	 Status	Mother	px            py            pz            E      	 M         
 --	------	   ----		------	----	 ------	------	----GeV/c---  ----GeV/c---  ----GeV/c---  ----GeV/c---	 --GeV/cÂ²--
  0	+2212      p      	1	i.beam 1     -9	        0.000000e+00  0.000000e+00  6.500000e+03  6.500000e+03      0.93827
  1	+2212      p      	1	i.beam 2     -9	        0.000000e+00  0.000000e+00 -6.500000e+03  6.500000e+03      0.93827
  2	+22        gamma  	0	parton 1     -1	     0 -8.640274e-01 -6.776900e-01  1.286984e+04  1.301536e+02  12869.18298
  3	+22        gamma  	0	parton 2     -1	     1  3.090446e-01 -1.493053e-01 -1.263036e+04  3.696356e+02  12624.95446
  4		   gamma/gamma	0	hard pr.     -2	   2+3 -5.549828e-01 -8.269953e-01  2.394766e+02  4.997891e+02    438.67882
  5	+2212      p      	1	o.beam 1      3	     0  8.640274e-01  6.776900e-01 -6.369841e+03  6.369847e+03      8.25086
  6	+2212      p      	1	o.beam 2      1	     1 -3.090446e-01  1.493053e-01  6.130364e+03  6.130365e+03      0.93827
  7	+24        W      	1	central       2	     4  1.104084e+02  8.329969e+01  5.090216e+01  1.678700e+02     80.37700
  8	-24        W      	-1	central       2	     4 -1.109634e+02 -8.412669e+01 -2.903815e+02  3.319217e+02     80.37700
 ----------------------------------------------------------------------------------------------------------------------------------
							Balance 0.000000e+00  0.000000e+00  0.000000e+00  1.300000e+04
[32;1mInfo[0m:	90000 events generated.
Event content:
 Id	PDG id	   Name		Charge	Role	 Status	Mother	px            py            pz            E      	 M         
 --	------	   ----		------	----	 ------	------	----GeV/c---  ----GeV/c---  ----GeV/c---  ----GeV/c---	 --GeV/cÂ²--
  0	+2212      p      	1	i.beam 1     -9	        0.000000e+00  0.000000e+00  6.500000e+03  6.500000e+03      0.93827
  1	+2212      p      	1	i.beam 2     -9	        0.000000e+00  0.000000e+00 -6.500000e+03  6.500000e+03      0.93827
  2	+22        gamma  	0	parton 1     -1	     0 -1.581075e+00  3.822303e-01  1.292498e+04  7.501249e+01  12924.76440
  3	+22        gamma  	0	parton 2     -1	     1 -2.459539e-02 -1.779347e-03 -1.276167e+04  2.383313e+02  12759.44303
  4		   gamma/gamma	0	hard pr.     -2	   2+3 -1.605670e+00  3.804510e-01  1.633133e+02  3.133438e+02    267.41425
  5	+2212      p      	1	o.beam 1      3	     0  1.581075e+00 -3.822303e-01 -6.424982e+03  6.424988e+03      8.33230
  6	+2212      p      	1	o.beam 2      1	     1  2.459539e-02  1.779347e-03  6.261669e+03  6.261669e+03      0.93827
  7	+24        W      	1	central       2	     4 -6.602852e+01  5.605427e+01 -7.447190e+00  1.183967e+02     80.37700
  8	-24        W      	-1	central       2	     4  6.442285e+01 -5.567382e+01 -1.558688e+02  1.949498e+02     80.37700
 ----------------------------------------------------------------------------------------------------------------------------------
							Balance 0.000000e+00  0.000000e+00  0.000000e+00  1.300000e+04
[34;1mWarning[0m [;2;4mvirtual double cepgen::proc::Process2to4::computeFactorisedMatrixElement()[0m: Invalid X system squared mass: 206353/206353.
[34;1mWarning[0m [;2;4mcepgen::GridHandler<D, N>::values_t cepgen::GridHandler<D, N>::eval(cepgen::GridHandler<D, N>::coord_t) const [with long unsigned int D = 2; long unsigned int N = 2; cepgen::GridHandler<D, N>::values_t = std::array<double, 2>; cepgen::GridHandler<D, N>::coord_t = std::vector<double>][0m: Failed to evaluate the value (N=0) for x = -9.59842e-07 / y = 10.6683 in grid with boundaries {-9 to 0, 0 to 10}. GSL error: input domain error
[34;1mWarning[0m [;2;4mcepgen::GridHandler<D, N>::values_t cepgen::GridHandler<D, N>::eval(cepgen::GridHandler<D, N>::coord_t) const [with long unsigned int D = 2; long unsigned int N = 2; cepgen::GridHandler<D, N>::values_t = std::array<double, 2>; cepgen::GridHandler<D, N>::coord_t = std::vector<double>][0m: Failed to evaluate the value (N=1) for x = -9.59842e-07 / y = 10.6683 in grid with boundaries {-9 to 0, 0 to 10}. GSL error: input domain error
[32;1mInfo[0m:	100000 events generated.
[32;1mInfo[0m:	100000 events generated in 499.143 s (4.99143 ms/event).
	Equivalent luminosity: 1.42007e+06 pb^-1.
