               _/_/_/                    _/_/_/
            _/         _/_/   _/_/_/   _/         _/_/   _/_/_/
           _/       _/_/_/_/ _/    _/ _/  _/_/ _/_/_/_/ _/    _/
          _/       _/       _/    _/ _/    _/ _/       _/    _/
           _/_/_/   _/_/_/ _/_/_/    _/_/_/   _/_/_/  _/    _/
                          _/
 Copyright (c) 2014-2023  L. Forthomme <laurent.forthomme@cern.ch> (*)

 Please use https://doi.org/10.1016/j.cpc.2021.108225 for citations.

 This program is free software: you can redistribute it and/or modify
 it under the terms of the GNU General Public License as published by
 the Free Software Foundation, either version 3 of the License, or
 (at your option) any later version.

 This program is distributed in the hope that it will be useful,
 but WITHOUT ANY WARRANTY; without even the implied warranty of
 MERCHANTABILITY or FITNESS FOR A PARTICULAR PURPOSE.  See the
 GNU General Public License for more details.

 You should have received a copy of the GNU General Public License
 along with this program.  If not, see <https://www.gnu.org/licenses/>.

 (*) with contributions from:
  - J. Vermaseren, the ZEUS offline group, M. GVH, D. Bocian, O. Duenger,
    N. Schul, and others (LPAIR matrix element)
  - M. Luszczak, W. Schafer, A. Szczurek (kt-factorised matrix elements)

[32;1mInfo[0m:	CepGen 1.1.0 (e6e1add(master)) initialised with 10 add-ons:
	{CepGenAPFEL, CepGenBoost, CepGenHepMC2, CepGenHepMC3, CepGenLHAPDF, CepGenPythia8, CepGenPython, CepGenRivet, CepGenRoot, CepGenProcesses}.
	Greetings!
[32;1mInfo[0m:	Interfacing module initialised for HepMC version 3.02.06.

_/Â¯ RUN INFORMATION Â¯\_____________________________________________________________________

Process to generate:
            [;1mlpair[0m module <- [34;3mÎ³Î³ â†’ lâºlÂ¯ (LPAIR)[0m with parameters:
    [;4malphaEM[0m = [;1mfixed[0m module <- [34;3melectromagnetic coupling evolution algorithm[0m with parameters:
      [;4mvalue[0m = 0.007297 <- [34;3mConstant value for alpha(EM)[0m
    [;4malphaS[0m = [;1mpegasus[0m module <- [34;3mstrong coupling evolution algorithm[0m with parameters:
      [;4masmur[0m = 0.491280
      [;4mfr2[0m = 1.000000
      [;4miord[0m = 2 <- [34;3mEvolution order[0m
      [;4mmur[0m = 1.000000
    [;4mhasEvent[0m = true <- [34;3mdoes the process carry an event definition[0m
    [;4mkinematics[0m = [;3;4mParameters[0m collection:
      [;4menergy[0m = 0|above 0
      [;4meta[0m = -2.5, 2.5|-2.5 to 2.5
      [;4minvmass[0m = 60|above 60
      [;4mmode[0m = 2
      [;4mmx[0m = 1.07, 1000|1.07 to 1000
      [;4mpt[0m = 20|above 20
      [;4mpz[0m = 6500, 6500|6500 to 6500
      [;4mstructureFunctions[0m = [;1m11[0m module with parameters:
        [;4msigmaRatio[0m = 4
    [;4mmode[0m = 2
    [;4mnopt[0m = 0 <- [34;3mOptimised mode? (inherited from LPAIR, by default disabled = 0)[0m
    [;4mpair[0m = Parameters(pdgid=int(13)) <- [34;3mLepton pair considered[0m
    [;4msymmetrise[0m = false <- [34;3mSymmetrise along z the central system?[0m

Output modules
	*) [;1mhepmc[0m module <- [34;3mHepMC3 ASCII file output module[0m with parameters:
    [;4mfilename[0m = "test.hepmc" <- [34;3mOutput filename[0m
	*) [;1mdump[0m module <- [34;3mSimple text-based event dumper[0m with parameters:
    [;4mfilename[0m = "" <- [34;3mOutput filename[0m
    [;4mprintEvery[0m = 10000 <- [34;3mPeriod at which events are dumped[0m
    [;4msaveBanner[0m = true <- [34;3mSave boilerplate in output file?[0m

[;1m Integration/generation parameters [0m----------------------------------------------------

Integration                      [;1mVegas[0m
Event generation?                [32mtrue[0m
Number of events to generate     [;1m100000[0m
Generator worker                 Module("grid_optimised")
Number of threads                2
Number of points to try per bin  100
Verbosity level                  Infos

_/Â¯ EVENTS KINEMATICS Â¯\___________________________________________________________________

Incoming particles               p (6500 GeV/c) elastic,
                                 p (-6500 GeV/c) inelastic
C.m. energy (GeV)                13000
Form factors                     Module("StandardDipole", pdgId=ulong(2212), scale=float(0.710000))
Structure functions              Module(11, sigmaRatio=int(4))

[;1m Incoming partons [0m---------------------------------------------------------------------

Virtuality (GeV^2)               0 to 100000

[;1m Outgoing central system [0m--------------------------------------------------------------

Single particle pt (GeV/c)       above 20
System mass (GeV/c^2)            above 60
Single particle eta              -2.5 to 2.5
Single particle energy (GeV)     above 0

[;1m Proton / remnants [0m--------------------------------------------------------------------

Diffractive mass (GeV/c^2)       1.07 to 1000

__________________________________________________________________________________________

[32;1mInfo[0m:	Starting the computation of the process cross-section.
[32;1mInfo[0m:	Generator will use a Vegas-type integrator.
[32;1mInfo[0m:	PEGASUS alpha(S) evolution algorithm initialised with parameters:
	order: 2, fr2: 1, mur: 1, asmur: 0.49128
	quark masses (GeV): charm: 1.27, bottom: 4.18, top: 172.5.
[32;1mInfo[0m:	Finished the Vegas warm-up.
	>> at call 1: average = 2188.496910   sigma =  16.507648   chi2 = 1.247.
[32;1mInfo[0m:	Total cross section: 2.1885 +/- 0.0165076 nb.
#******* Sample generated with CepGen 1.1.0 *******
# Process: lpair (elastic/inelastic)
# Structure functions: Module(11, sigmaRatio=int(4))
#*** Incoming state *******************************
# Virtuality (GeV^2): 0 to 100000
#*** Central system *******************************
# Single particle pt (GeV/c): above 20
# System mass (GeV/c^2): above 60
# Single particle eta: -2.5 to 2.5
# Single particle energy (GeV): above 0
#*** Remnants states ******************************
# Diffractive mass (GeV/c^2): 1.07 to 1000
#**************************************************
[32;1mInfo[0m:	Preparing the grid (100 points/bin) for the generation of unweighted events.
[32;1mInfo[0m:	Finished the grid preparation. Now launching the unweighted event production.
[32;1mInfo[0m:	100000 events will be generated.
Event content:
 Id	PDG id	   Name		Charge	Role	 Status	Mother	px            py            pz            E      	 M         
 --	------	   ----		------	----	 ------	------	----GeV/c---  ----GeV/c---  ----GeV/c---  ----GeV/c---	 --GeV/cÂ²--
  0	+2212      p      	1	i.beam 1     -9	        0.000000e+00  0.000000e+00  6.500000e+03  6.500000e+03      0.93827
  1	+2212      p      	1	i.beam 2     -9	        0.000000e+00  0.000000e+00 -6.500000e+03  6.500000e+03      0.93827
  2	+22        gamma  	0	parton 1     -1	     0 -6.934080e-04 -6.757098e-03  1.604959e+01  1.604959e+01      0.00719
  3	+22        gamma  	0	parton 2     -1	     1  3.936855e+01  3.632293e+00 -1.570953e+02  1.460154e+02     70.15365
  4		   gamma/gamma	0	hard pr.     -2	   2+3  3.936786e+01  3.625536e+00 -1.410457e+02  1.620649e+02     69.34099
  5	+2212      p      	1	o.beam 1      1	     0  6.934080e-04  6.757098e-03  6.483950e+03  6.483950e+03      0.93827
  6	+2212      p      	1	o.beam 2      3	     1 -3.936855e+01 -3.632293e+00 -6.342905e+03  6.353985e+03    372.98660
  7	-13        mu     	-1	central       1	     4  1.128482e+00 -2.794295e+01 -3.350478e+01  4.364245e+01      0.10566
  8	+13        mu     	1	central       1	     4  3.823938e+01  3.156848e+01 -1.075410e+02  1.184225e+02      0.10566
 ----------------------------------------------------------------------------------------------------------------------------------
							Balance 0.000000e+00  0.000000e+00  0.000000e+00  1.300000e+04
[32;1mInfo[0m:	10000 events generated.
Event content:
 Id	PDG id	   Name		Charge	Role	 Status	Mother	px            py            pz            E      	 M         
 --	------	   ----		------	----	 ------	------	----GeV/c---  ----GeV/c---  ----GeV/c---  ----GeV/c---	 --GeV/cÂ²--
  0	+2212      p      	1	i.beam 1     -9	        0.000000e+00  0.000000e+00  6.500000e+03  6.500000e+03      0.93827
  1	+2212      p      	1	i.beam 2     -9	        0.000000e+00  0.000000e+00 -6.500000e+03  6.500000e+03      0.93827
  2	+22        gamma  	0	parton 1     -1	     0  1.108571e-03  2.623785e-04  3.139075e+01  3.139075e+01      0.00468
  3	+22        gamma  	0	parton 2     -1	     1  2.260162e+00 -3.183300e+01 -7.960219e+01  6.563934e+01     55.19451
  4		   gamma/gamma	0	hard pr.     -2	   2+3  2.261270e+00 -3.183274e+01 -4.821144e+01  9.703009e+01     77.92342
  5	+2212      p      	1	o.beam 1      1	     0 -1.108571e-03 -2.623785e-04  6.468609e+03  6.468609e+03      0.93827
  6	+2212      p      	1	o.beam 2      3	     1 -2.260162e+00  3.183300e+01 -6.420398e+03  6.434361e+03    422.45883
  7	+13        mu     	1	central       1	     4  2.076536e+01  1.017482e+01 -4.551010e+01  5.104809e+01      0.10566
  8	-13        mu     	-1	central       1	     4 -1.850409e+01 -4.200756e+01 -2.701338e+00  4.598200e+01      0.10566
 ----------------------------------------------------------------------------------------------------------------------------------
							Balance 0.000000e+00  0.000000e+00  0.000000e+00  1.300000e+04
[32;1mInfo[0m:	20000 events generated.
Event content:
 Id	PDG id	   Name		Charge	Role	 Status	Mother	px            py            pz            E      	 M         
 --	------	   ----		------	----	 ------	------	----GeV/c---  ----GeV/c---  ----GeV/c---  ----GeV/c---	 --GeV/cÂ²--
  0	+2212      p      	1	i.beam 1     -9	        0.000000e+00  0.000000e+00  6.500000e+03  6.500000e+03      0.93827
  1	+2212      p      	1	i.beam 2     -9	        0.000000e+00  0.000000e+00 -6.500000e+03  6.500000e+03      0.93827
  2	+22        gamma  	0	parton 1     -1	     0 -3.511420e-04  8.203219e-04  5.458143e+00  5.458143e+00      0.00119
  3	+22        gamma  	0	parton 2     -1	     1  1.695977e+01  1.546507e+01 -3.071926e+02  3.032140e+02     54.36331
  4		   gamma/gamma	0	hard pr.     -2	   2+3  1.695942e+01  1.546589e+01 -3.017344e+02  3.086721e+02     60.89327
  5	+2212      p      	1	o.beam 1      1	     0  3.511420e-04 -8.203219e-04  6.494542e+03  6.494542e+03      0.93827
  6	+2212      p      	1	o.beam 2      3	     1 -1.695977e+01 -1.546507e+01 -6.192807e+03  6.196786e+03    220.83329
  7	-13        mu     	-1	central       1	     4  3.660947e+01 -3.484261e+00 -1.991785e+02  2.025450e+02      0.10566
  8	+13        mu     	1	central       1	     4 -1.965005e+01  1.895015e+01 -1.025559e+02  1.061271e+02      0.10566
 ----------------------------------------------------------------------------------------------------------------------------------
							Balance 0.000000e+00  0.000000e+00  0.000000e+00  1.300000e+04
[32;1mInfo[0m:	30000 events generated.
Event content:
 Id	PDG id	   Name		Charge	Role	 Status	Mother	px            py            pz            E      	 M         
 --	------	   ----		------	----	 ------	------	----GeV/c---  ----GeV/c---  ----GeV/c---  ----GeV/c---	 --GeV/cÂ²--
  0	+2212      p      	1	i.beam 1     -9	        0.000000e+00  0.000000e+00  6.500000e+03  6.500000e+03      0.93827
  1	+2212      p      	1	i.beam 2     -9	        0.000000e+00  0.000000e+00 -6.500000e+03  6.500000e+03      0.93827
  2	+22        gamma  	0	parton 1     -1	     0  2.691290e-03  8.367488e-04  1.409340e+01  1.409340e+01      0.00348
  3	+22        gamma  	0	parton 2     -1	     1  5.996764e+00  3.884140e+01 -1.152310e+02  1.129430e+02     45.46063
  4		   gamma/gamma	0	hard pr.     -2	   2+3  5.999455e+00  3.884224e+01 -1.011376e+02  1.270364e+02     66.06610
  5	+2212      p      	1	o.beam 1      1	     0 -2.691290e-03 -8.367488e-04  6.485907e+03  6.485907e+03      0.93827
  6	+2212      p      	1	o.beam 2      3	     1 -5.996764e+00 -3.884140e+01 -6.384769e+03  6.387057e+03    166.36604
  7	+13        mu     	1	central       1	     4 -2.689974e+01  1.637162e+00 -4.064816e+01  4.877049e+01      0.10566
  8	-13        mu     	-1	central       1	     4  3.289920e+01  3.720508e+01 -6.048945e+01  7.826595e+01      0.10566
 ----------------------------------------------------------------------------------------------------------------------------------
							Balance 0.000000e+00  0.000000e+00  0.000000e+00  1.300000e+04
[32;1mInfo[0m:	40000 events generated.
Event content:
 Id	PDG id	   Name		Charge	Role	 Status	Mother	px            py            pz            E      	 M         
 --	------	   ----		------	----	 ------	------	----GeV/c---  ----GeV/c---  ----GeV/c---  ----GeV/c---	 --GeV/cÂ²--
  0	+2212      p      	1	i.beam 1     -9	        0.000000e+00  0.000000e+00  6.500000e+03  6.500000e+03      0.93827
  1	+2212      p      	1	i.beam 2     -9	        0.000000e+00  0.000000e+00 -6.500000e+03  6.500000e+03      0.93827
  2	+22        gamma  	0	parton 1     -1	     0 -2.564454e-04  1.354435e-04  3.419151e+00  3.419151e+00      0.00057
  3	+22        gamma  	0	parton 2     -1	     1  1.585154e+00  7.372426e+00 -3.057766e+02  3.050265e+02     22.69391
  4		   gamma/gamma	0	hard pr.     -2	   2+3  1.584898e+00  7.372561e+00 -3.023574e+02  3.084457e+02     60.51315
  5	+2212      p      	1	o.beam 1      1	     0  2.564454e-04 -1.354435e-04  6.496581e+03  6.496581e+03      0.93827
  6	+2212      p      	1	o.beam 2      3	     1 -1.585154e+00 -7.372426e+00 -6.194223e+03  6.194974e+03     96.10826
  7	-13        mu     	-1	central       1	     4  2.187168e+01 -1.757105e+01 -1.167214e+02  1.200459e+02      0.10566
  8	+13        mu     	1	central       1	     4 -2.028678e+01  2.494361e+01 -1.856360e+02  1.883998e+02      0.10566
 ----------------------------------------------------------------------------------------------------------------------------------
							Balance 0.000000e+00  0.000000e+00  0.000000e+00  1.300000e+04
[32;1mInfo[0m:	50000 events generated.
Event content:
 Id	PDG id	   Name		Charge	Role	 Status	Mother	px            py            pz            E      	 M         
 --	------	   ----		------	----	 ------	------	----GeV/c---  ----GeV/c---  ----GeV/c---  ----GeV/c---	 --GeV/cÂ²--
  0	+2212      p      	1	i.beam 1     -9	        0.000000e+00  0.000000e+00  6.500000e+03  6.500000e+03      0.93827
  1	+2212      p      	1	i.beam 2     -9	        0.000000e+00  0.000000e+00 -6.500000e+03  6.500000e+03      0.93827
  2	+22        gamma  	0	parton 1     -1	     0  2.701265e-03  1.806375e-03  2.948461e+01  2.948461e+01      0.00537
  3	+22        gamma  	0	parton 2     -1	     1  3.576377e+01  8.646361e+00 -7.425351e+01  5.844753e+01     58.74758
  4		   gamma/gamma	0	hard pr.     -2	   2+3  3.576648e+01  8.648167e+00 -4.476890e+01  8.793213e+01     66.13451
  5	+2212      p      	1	o.beam 1      1	     0 -2.701265e-03 -1.806375e-03  6.470515e+03  6.470515e+03      0.93827
  6	+2212      p      	1	o.beam 2      3	     1 -3.576377e+01 -8.646361e+00 -6.425746e+03  6.441553e+03    449.47459
  7	+13        mu     	1	central       1	     4  3.171141e+01 -1.274505e+01 -5.430221e+01  6.416223e+01      0.10566
  8	-13        mu     	-1	central       1	     4  4.055069e+00  2.139322e+01  9.533310e+00  2.376991e+01      0.10566
 ----------------------------------------------------------------------------------------------------------------------------------
							Balance 0.000000e+00  0.000000e+00  0.000000e+00  1.300000e+04
[32;1mInfo[0m:	60000 events generated.
Event content:
 Id	PDG id	   Name		Charge	Role	 Status	Mother	px            py            pz            E      	 M         
 --	------	   ----		------	----	 ------	------	----GeV/c---  ----GeV/c---  ----GeV/c---  ----GeV/c---	 --GeV/cÂ²--
  0	+2212      p      	1	i.beam 1     -9	        0.000000e+00  0.000000e+00  6.500000e+03  6.500000e+03      0.93827
  1	+2212      p      	1	i.beam 2     -9	        0.000000e+00  0.000000e+00 -6.500000e+03  6.500000e+03      0.93827
  2	+22        gamma  	0	parton 1     -1	     0 -5.650393e-04 -2.560179e-03  9.535757e+00  9.535757e+00      0.00296
  3	+22        gamma  	0	parton 2     -1	     1  1.657096e+01 -4.372748e+00 -1.927764e+02  1.922793e+02     22.02566
  4		   gamma/gamma	0	hard pr.     -2	   2+3  1.657039e+01 -4.375308e+00 -1.832406e+02  2.018150e+02     82.81583
  5	+2212      p      	1	o.beam 1      1	     0  5.650393e-04  2.560179e-03  6.490464e+03  6.490464e+03      0.93827
  6	+2212      p      	1	o.beam 2      3	     1 -1.657096e+01  4.372748e+00 -6.307224e+03  6.307721e+03     77.31791
  7	+13        mu     	1	central       1	     4  5.675302e+00 -4.091260e+01 -6.023904e+01  7.303974e+01      0.10566
  8	-13        mu     	-1	central       1	     4  1.089509e+01  3.653729e+01 -1.230016e+02  1.287753e+02      0.10566
 ----------------------------------------------------------------------------------------------------------------------------------
							Balance 0.000000e+00  0.000000e+00  0.000000e+00  1.300000e+04
[32;1mInfo[0m:	70000 events generated.
Event content:
 Id	PDG id	   Name		Charge	Role	 Status	Mother	px            py            pz            E      	 M         
 --	------	   ----		------	----	 ------	------	----GeV/c---  ----GeV/c---  ----GeV/c---  ----GeV/c---	 --GeV/cÂ²--
  0	+2212      p      	1	i.beam 1     -9	        0.000000e+00  0.000000e+00  6.500000e+03  6.500000e+03      0.93827
  1	+2212      p      	1	i.beam 2     -9	        0.000000e+00  0.000000e+00 -6.500000e+03  6.500000e+03      0.93827
  2	+22        gamma  	0	parton 1     -1	     0 -1.147181e-03  5.011781e-04  6.317387e+00  6.317387e+00      0.00155
  3	+22        gamma  	0	parton 2     -1	     1 -1.393328e+01  1.287889e+01 -3.148766e+02  3.093828e+02     61.55918
  4		   gamma/gamma	0	hard pr.     -2	   2+3 -1.393442e+01  1.287939e+01 -3.085592e+02  3.157002e+02     64.01405
  5	+2212      p      	1	o.beam 1      1	     0  1.147181e-03 -5.011781e-04  6.493683e+03  6.493683e+03      0.93827
  6	+2212      p      	1	o.beam 2      3	     1  1.393328e+01 -1.287889e+01 -6.185123e+03  6.190617e+03    260.05801
  7	-13        mu     	-1	central       1	     4  2.302300e+01 -3.726662e+00 -7.162318e+01  7.532488e+01      0.10566
  8	+13        mu     	1	central       1	     4 -3.695743e+01  1.660605e+01 -2.369360e+02  2.403753e+02      0.10566
 ----------------------------------------------------------------------------------------------------------------------------------
							Balance 0.000000e+00  0.000000e+00  0.000000e+00  1.300000e+04
[32;1mInfo[0m:	80000 events generated.
Event content:
 Id	PDG id	   Name		Charge	Role	 Status	Mother	px            py            pz            E      	 M         
 --	------	   ----		------	----	 ------	------	----GeV/c---  ----GeV/c---  ----GeV/c---  ----GeV/c---	 --GeV/cÂ²--
  0	+2212      p      	1	i.beam 1     -9	        0.000000e+00  0.000000e+00  6.500000e+03  6.500000e+03      0.93827
  1	+2212      p      	1	i.beam 2     -9	        0.000000e+00  0.000000e+00 -6.500000e+03  6.500000e+03      0.93827
  2	+22        gamma  	0	parton 1     -1	     0 -2.716990e-04 -2.184891e-04  6.515621e+00  6.515621e+00      0.00100
  3	+22        gamma  	0	parton 2     -1	     1  2.097942e+01 -2.375161e+01 -2.527834e+02  2.504505e+02     46.67227
  4		   gamma/gamma	0	hard pr.     -2	   2+3  2.097915e+01 -2.375183e+01 -2.462678e+02  2.569661e+02     66.17752
  5	+2212      p      	1	o.beam 1      1	     0  2.716990e-04  2.184891e-04  6.493484e+03  6.493484e+03      0.93827
  6	+2212      p      	1	o.beam 2      3	     1 -2.097942e+01  2.375161e+01 -6.247217e+03  6.249550e+03    167.78272
  7	-13        mu     	-1	central       1	     4  3.021729e+01  1.345906e+01 -8.516170e+01  9.136059e+01      0.10566
  8	+13        mu     	1	central       1	     4 -9.238136e+00 -3.721089e+01 -1.611061e+02  1.656055e+02      0.10566
 ----------------------------------------------------------------------------------------------------------------------------------
							Balance 0.000000e+00  0.000000e+00  0.000000e+00  1.300000e+04
[34;1mWarning[0m [;2;4mbool LPAIR::orient()[0m: st4 = 1 > 1
[32;1mInfo[0m:	90000 events generated.
Event content:
 Id	PDG id	   Name		Charge	Role	 Status	Mother	px            py            pz            E      	 M         
 --	------	   ----		------	----	 ------	------	----GeV/c---  ----GeV/c---  ----GeV/c---  ----GeV/c---	 --GeV/cÂ²--
  0	+2212      p      	1	i.beam 1     -9	        0.000000e+00  0.000000e+00  6.500000e+03  6.500000e+03      0.93827
  1	+2212      p      	1	i.beam 2     -9	        0.000000e+00  0.000000e+00 -6.500000e+03  6.500000e+03      0.93827
  2	+22        gamma  	0	parton 1     -1	     0  4.013755e-04 -2.646256e-03  4.158870e+01  4.158870e+01      0.00659
  3	+22        gamma  	0	parton 2     -1	     1 -7.235559e+00  7.770574e+00 -3.825615e+01  3.165478e+01     23.96337
  4		   gamma/gamma	0	hard pr.     -2	   2+3 -7.235158e+00  7.767928e+00  3.332552e+00  7.324348e+01     72.39346
  5	+2212      p      	1	o.beam 1      1	     0 -4.013755e-04  2.646256e-03  6.458411e+03  6.458411e+03      0.93827
  6	+2212      p      	1	o.beam 2      3	     1  7.235559e+00 -7.770574e+00 -6.461744e+03  6.468345e+03    291.96648
  7	-13        mu     	-1	central       1	     4  7.690006e+00  2.485053e+01 -2.558719e+01  3.648836e+01      0.10566
  8	+13        mu     	1	central       1	     4 -1.492516e+01 -1.708261e+01  2.891974e+01  3.675511e+01      0.10566
 ----------------------------------------------------------------------------------------------------------------------------------
							Balance 0.000000e+00  0.000000e+00  0.000000e+00  1.300000e+04
[32;1mInfo[0m:	100000 events generated.
[32;1mInfo[0m:	100000 events generated in 575.566 s (5.75566 ms/event).
	Equivalent luminosity: 45.6935 pb^-1.
